2025-01-21 19:23:58.022 -03:00  INF  Request starting HTTP/2 GET https://localhost:44339/weatherforecast - null null
2025-01-21 19:23:58.028 -03:00  INF  Application started. Press Ctrl+C to shut down.
2025-01-21 19:23:58.044 -03:00  INF  Hosting environment: Development
2025-01-21 19:23:58.044 -03:00  INF  Content root path: D:\Projetos\TesteKognit\ApiTesteKognit
2025-01-21 19:23:58.138 -03:00  ERR  An unhandled exception has occurred while executing the request.System.InvalidOperationException: Unable to resolve service for type 'Swashbuckle.AspNetCore.Swagger.ISwaggerProvider' while attempting to Invoke middleware 'Swashbuckle.AspNetCore.Swagger.SwaggerMiddleware'.
   at Microsoft.AspNetCore.Builder.UseMiddlewareExtensions.GetService(IServiceProvider sp, Type type, Type middleware)
   at lambda_method1(Closure, Object, HttpContext, IServiceProvider)
   at Microsoft.AspNetCore.Authorization.AuthorizationMiddleware.Invoke(HttpContext context)
   at Microsoft.AspNetCore.Authentication.AuthenticationMiddleware.Invoke(HttpContext context)
   at Microsoft.AspNetCore.Diagnostics.DeveloperExceptionPageMiddlewareImpl.Invoke(HttpContext context)

2025-01-21 19:23:58.193 -03:00  INF  Request starting HTTP/2 GET https://localhost:44339/_framework/aspnetcore-browser-refresh.js - null null
2025-01-21 19:23:58.193 -03:00  INF  Request starting HTTP/2 GET https://localhost:44339/_vs/browserLink - null null
2025-01-21 19:23:58.193 -03:00  INF  Request finished HTTP/2 GET https://localhost:44339/weatherforecast - 500 null text/html; charset=utf-8 174.2243ms
2025-01-21 19:23:58.195 -03:00  INF  Request finished HTTP/2 GET https://localhost:44339/_framework/aspnetcore-browser-refresh.js - 200 13764 application/javascript; charset=utf-8 2.3072ms
2025-01-21 19:23:58.250 -03:00  INF  Request finished HTTP/2 GET https://localhost:44339/_vs/browserLink - 200 null text/javascript; charset=UTF-8 57.469ms
2025-01-21 19:23:58.271 -03:00  INF  Request starting HTTP/2 GET https://localhost:44339/favicon.ico - null null
2025-01-21 19:23:58.273 -03:00  ERR  An unhandled exception has occurred while executing the request.System.InvalidOperationException: Unable to resolve service for type 'Swashbuckle.AspNetCore.Swagger.ISwaggerProvider' while attempting to Invoke middleware 'Swashbuckle.AspNetCore.Swagger.SwaggerMiddleware'.
   at Microsoft.AspNetCore.Builder.UseMiddlewareExtensions.GetService(IServiceProvider sp, Type type, Type middleware)
   at lambda_method1(Closure, Object, HttpContext, IServiceProvider)
   at Microsoft.AspNetCore.Authorization.AuthorizationMiddleware.Invoke(HttpContext context)
   at Microsoft.AspNetCore.Authentication.AuthenticationMiddleware.Invoke(HttpContext context)
   at Microsoft.AspNetCore.Diagnostics.DeveloperExceptionPageMiddlewareImpl.Invoke(HttpContext context)

2025-01-21 19:23:58.277 -03:00  INF  Request finished HTTP/2 GET https://localhost:44339/favicon.ico - 500 null text/plain; charset=utf-8 6.5211ms
2025-01-21 19:24:46.019 -03:00  INF  Request starting HTTP/2 GET https://localhost:44339/swagger - null null
2025-01-21 19:24:46.035 -03:00  INF  Application started. Press Ctrl+C to shut down.
2025-01-21 19:24:46.041 -03:00  INF  Hosting environment: Development
2025-01-21 19:24:46.041 -03:00  INF  Content root path: D:\Projetos\TesteKognit\ApiTesteKognit
2025-01-21 19:24:46.142 -03:00  ERR  An unhandled exception has occurred while executing the request.System.InvalidOperationException: Unable to resolve service for type 'Swashbuckle.AspNetCore.Swagger.ISwaggerProvider' while attempting to Invoke middleware 'Swashbuckle.AspNetCore.Swagger.SwaggerMiddleware'.
   at Microsoft.AspNetCore.Builder.UseMiddlewareExtensions.GetService(IServiceProvider sp, Type type, Type middleware)
   at lambda_method1(Closure, Object, HttpContext, IServiceProvider)
   at Microsoft.AspNetCore.Authorization.AuthorizationMiddleware.Invoke(HttpContext context)
   at Microsoft.AspNetCore.Authentication.AuthenticationMiddleware.Invoke(HttpContext context)
   at Microsoft.AspNetCore.Diagnostics.DeveloperExceptionPageMiddlewareImpl.Invoke(HttpContext context)

2025-01-21 19:24:46.204 -03:00  INF  Request starting HTTP/2 GET https://localhost:44339/_vs/browserLink - null null
2025-01-21 19:24:46.204 -03:00  INF  Request starting HTTP/2 GET https://localhost:44339/_framework/aspnetcore-browser-refresh.js - null null
2025-01-21 19:24:46.205 -03:00  INF  Request finished HTTP/2 GET https://localhost:44339/swagger - 500 null text/html; charset=utf-8 193.0368ms
2025-01-21 19:24:46.206 -03:00  INF  Request finished HTTP/2 GET https://localhost:44339/_framework/aspnetcore-browser-refresh.js - 200 13764 application/javascript; charset=utf-8 2.2717ms
2025-01-21 19:24:46.240 -03:00  INF  Request finished HTTP/2 GET https://localhost:44339/_vs/browserLink - 200 null text/javascript; charset=UTF-8 36.3737ms
2025-01-21 19:24:46.260 -03:00  INF  Request starting HTTP/2 GET https://localhost:44339/favicon.ico - null null
2025-01-21 19:24:46.262 -03:00  ERR  An unhandled exception has occurred while executing the request.System.InvalidOperationException: Unable to resolve service for type 'Swashbuckle.AspNetCore.Swagger.ISwaggerProvider' while attempting to Invoke middleware 'Swashbuckle.AspNetCore.Swagger.SwaggerMiddleware'.
   at Microsoft.AspNetCore.Builder.UseMiddlewareExtensions.GetService(IServiceProvider sp, Type type, Type middleware)
   at lambda_method1(Closure, Object, HttpContext, IServiceProvider)
   at Microsoft.AspNetCore.Authorization.AuthorizationMiddleware.Invoke(HttpContext context)
   at Microsoft.AspNetCore.Authentication.AuthenticationMiddleware.Invoke(HttpContext context)
   at Microsoft.AspNetCore.Diagnostics.DeveloperExceptionPageMiddlewareImpl.Invoke(HttpContext context)

2025-01-21 19:24:46.266 -03:00  INF  Request finished HTTP/2 GET https://localhost:44339/favicon.ico - 500 null text/plain; charset=utf-8 5.7695ms
2025-01-21 19:25:47.866 -03:00  INF  Request starting HTTP/2 GET https://localhost:44339/swagger - null null
2025-01-21 19:25:47.888 -03:00  INF  Application started. Press Ctrl+C to shut down.
2025-01-21 19:25:47.893 -03:00  INF  Hosting environment: Development
2025-01-21 19:25:47.893 -03:00  INF  Content root path: D:\Projetos\TesteKognit\ApiTesteKognit
2025-01-21 19:25:48.015 -03:00  INF  Request finished HTTP/2 GET https://localhost:44339/swagger - 404 null null 158.1381ms
2025-01-21 19:25:48.020 -03:00  INF  Request reached the end of the middleware pipeline without being handled by application code. Request path: GET https://localhost:44339/swagger, Response status code: 404
2025-01-21 19:25:54.568 -03:00  INF  Request starting HTTP/2 GET https://localhost:44339/swagger/index.html - null null
2025-01-21 19:25:54.585 -03:00  INF  Request finished HTTP/2 GET https://localhost:44339/swagger/index.html - 404 null null 14.6913ms
2025-01-21 19:25:54.587 -03:00  INF  Request reached the end of the middleware pipeline without being handled by application code. Request path: GET https://localhost:44339/swagger/index.html, Response status code: 404
2025-01-21 19:25:57.219 -03:00  INF  Request starting HTTP/2 GET https://localhost:44339/index.html - null null
2025-01-21 19:25:57.280 -03:00  INF  Request finished HTTP/2 GET https://localhost:44339/index.html - 200 null text/html;charset=utf-8 60.7855ms
2025-01-21 19:25:57.290 -03:00  INF  Request starting HTTP/2 GET https://localhost:44339/index.css - null null
2025-01-21 19:25:57.290 -03:00  INF  Request starting HTTP/2 GET https://localhost:44339/swagger-ui.css - null null
2025-01-21 19:25:57.296 -03:00  INF  Request starting HTTP/2 GET https://localhost:44339/swagger-ui-bundle.js - null null
2025-01-21 19:25:57.298 -03:00  INF  Request starting HTTP/2 GET https://localhost:44339/_vs/browserLink - null null
2025-01-21 19:25:57.304 -03:00  INF  Request starting HTTP/2 GET https://localhost:44339/swagger-ui-standalone-preset.js - null null
2025-01-21 19:25:57.313 -03:00  INF  Request starting HTTP/2 GET https://localhost:44339/_framework/aspnetcore-browser-refresh.js - null null
2025-01-21 19:25:57.319 -03:00  INF  Request starting HTTP/2 GET https://localhost:44339/index.js - null null
2025-01-21 19:25:57.325 -03:00  INF  Request finished HTTP/2 GET https://localhost:44339/index.js - 200 null application/javascript;charset=utf-8 7.0675ms
2025-01-21 19:25:57.325 -03:00  INF  Request finished HTTP/2 GET https://localhost:44339/_framework/aspnetcore-browser-refresh.js - 200 13764 application/javascript; charset=utf-8 13.9426ms
2025-01-21 19:25:57.350 -03:00  INF  Sending file. Request path: '/swagger-ui.css'. Physical path: 'N/A'
2025-01-21 19:25:57.350 -03:00  INF  Sending file. Request path: '/swagger-ui-standalone-preset.js'. Physical path: 'N/A'
2025-01-21 19:25:57.350 -03:00  INF  Sending file. Request path: '/index.css'. Physical path: 'N/A'
2025-01-21 19:25:57.350 -03:00  INF  Request finished HTTP/2 GET https://localhost:44339/index.css - 200 202 text/css 60.5084ms
2025-01-21 19:25:57.352 -03:00  INF  Request finished HTTP/2 GET https://localhost:44339/swagger-ui.css - 200 152035 text/css 61.2323ms
2025-01-21 19:25:57.353 -03:00  INF  Request finished HTTP/2 GET https://localhost:44339/swagger-ui-standalone-preset.js - 200 230007 text/javascript 50.2195ms
2025-01-21 19:25:57.356 -03:00  INF  Sending file. Request path: '/swagger-ui-bundle.js'. Physical path: 'N/A'
2025-01-21 19:25:57.370 -03:00  INF  Request finished HTTP/2 GET https://localhost:44339/_vs/browserLink - 200 null text/javascript; charset=UTF-8 76.3079ms
2025-01-21 19:25:57.376 -03:00  INF  Request finished HTTP/2 GET https://localhost:44339/swagger-ui-bundle.js - 200 1426050 text/javascript 81.8145ms
2025-01-21 19:25:57.487 -03:00  INF  Request starting HTTP/2 GET https://localhost:44339/swagger/v1/swagger.json - null null
2025-01-21 19:25:57.504 -03:00  INF  Request starting HTTP/2 GET https://localhost:44339/favicon-32x32.png - null null
2025-01-21 19:25:57.504 -03:00  INF  Sending file. Request path: '/favicon-32x32.png'. Physical path: 'N/A'
2025-01-21 19:25:57.505 -03:00  INF  Request finished HTTP/2 GET https://localhost:44339/favicon-32x32.png - 200 628 image/png 0.9686ms
2025-01-21 19:25:57.551 -03:00  INF  Request finished HTTP/2 GET https://localhost:44339/swagger/v1/swagger.json - 200 null application/json;charset=utf-8 64.6288ms
2025-01-21 19:27:18.184 -03:00  INF  Request starting HTTP/2 GET https://localhost:44339/swagger/index.html - null null
2025-01-21 19:27:18.202 -03:00  INF  Application started. Press Ctrl+C to shut down.
2025-01-21 19:27:18.208 -03:00  INF  Hosting environment: Development
2025-01-21 19:27:18.209 -03:00  INF  Content root path: D:\Projetos\TesteKognit\ApiTesteKognit
2025-01-21 19:27:18.348 -03:00  INF  Request starting HTTP/2 GET https://localhost:44339/_framework/aspnetcore-browser-refresh.js - null null
2025-01-21 19:27:18.411 -03:00  INF  Request starting HTTP/2 GET https://localhost:44339/swagger/swagger-ui-bundle.js - null null
2025-01-21 19:27:18.411 -03:00  INF  Request starting HTTP/2 GET https://localhost:44339/swagger/index.css - null null
2025-01-21 19:27:18.413 -03:00  INF  Request starting HTTP/2 GET https://localhost:44339/swagger/swagger-ui.css - null null
2025-01-21 19:27:18.418 -03:00  INF  Request starting HTTP/2 GET https://localhost:44339/swagger/swagger-ui-standalone-preset.js - null null
2025-01-21 19:27:18.423 -03:00  INF  Request finished HTTP/2 GET https://localhost:44339/swagger/index.html - 200 null text/html;charset=utf-8 234.5594ms
2025-01-21 19:27:18.428 -03:00  INF  Request finished HTTP/2 GET https://localhost:44339/_framework/aspnetcore-browser-refresh.js - 200 13764 application/javascript; charset=utf-8 76.0907ms
2025-01-21 19:27:18.425 -03:00  INF  Request starting HTTP/2 GET https://localhost:44339/swagger/index.js - null null
2025-01-21 19:27:18.430 -03:00  INF  Request starting HTTP/2 GET https://localhost:44339/_vs/browserLink - null null
2025-01-21 19:27:18.445 -03:00  INF  Request finished HTTP/2 GET https://localhost:44339/swagger/index.js - 200 null application/javascript;charset=utf-8 21.6138ms
2025-01-21 19:27:18.453 -03:00  INF  Sending file. Request path: '/index.css'. Physical path: 'N/A'
2025-01-21 19:27:18.453 -03:00  INF  Sending file. Request path: '/swagger-ui-bundle.js'. Physical path: 'N/A'
2025-01-21 19:27:18.453 -03:00  INF  Sending file. Request path: '/swagger-ui-standalone-preset.js'. Physical path: 'N/A'
2025-01-21 19:27:18.453 -03:00  INF  Sending file. Request path: '/swagger-ui.css'. Physical path: 'N/A'
2025-01-21 19:27:18.453 -03:00  INF  Request finished HTTP/2 GET https://localhost:44339/swagger/index.css - 200 202 text/css 43.9254ms
2025-01-21 19:27:18.460 -03:00  INF  Request finished HTTP/2 GET https://localhost:44339/swagger/swagger-ui-standalone-preset.js - 200 230007 text/javascript 42.3611ms
2025-01-21 19:27:18.461 -03:00  INF  Request finished HTTP/2 GET https://localhost:44339/swagger/swagger-ui.css - 200 152035 text/css 49.1489ms
2025-01-21 19:27:18.483 -03:00  INF  Request finished HTTP/2 GET https://localhost:44339/swagger/swagger-ui-bundle.js - 200 1426050 text/javascript 71.1621ms
2025-01-21 19:27:18.492 -03:00  INF  Request finished HTTP/2 GET https://localhost:44339/_vs/browserLink - 200 null text/javascript; charset=UTF-8 62.8831ms
2025-01-21 19:27:18.601 -03:00  INF  Request starting HTTP/2 GET https://localhost:44339/swagger/v1/swagger.json - null null
2025-01-21 19:27:18.619 -03:00  INF  Request starting HTTP/2 GET https://localhost:44339/swagger/favicon-32x32.png - null null
2025-01-21 19:27:18.621 -03:00  INF  Sending file. Request path: '/favicon-32x32.png'. Physical path: 'N/A'
2025-01-21 19:27:18.621 -03:00  INF  Request finished HTTP/2 GET https://localhost:44339/swagger/favicon-32x32.png - 200 628 image/png 2.0753ms
2025-01-21 19:27:18.649 -03:00  INF  Request finished HTTP/2 GET https://localhost:44339/swagger/v1/swagger.json - 200 null application/json;charset=utf-8 47.4877ms
2025-01-21 19:42:40.831 -03:00  WRN  No store type was specified for the decimal property 'CurrentValue' on entity type 'Wallet'. This will cause values to be silently truncated if they do not fit in the default precision and scale. Explicitly specify the SQL server column type that can accommodate all the values in 'OnModelCreating' using 'HasColumnType', specify precision and scale using 'HasPrecision', or configure a value converter using 'HasConversion'.
2025-01-21 19:42:40.909 -03:00  WRN  No store type was specified for the decimal property 'CurrentValue' on entity type 'Wallet'. This will cause values to be silently truncated if they do not fit in the default precision and scale. Explicitly specify the SQL server column type that can accommodate all the values in 'OnModelCreating' using 'HasColumnType', specify precision and scale using 'HasPrecision', or configure a value converter using 'HasConversion'.
2025-01-21 19:42:48.745 -03:00  WRN  No store type was specified for the decimal property 'CurrentValue' on entity type 'Wallet'. This will cause values to be silently truncated if they do not fit in the default precision and scale. Explicitly specify the SQL server column type that can accommodate all the values in 'OnModelCreating' using 'HasColumnType', specify precision and scale using 'HasPrecision', or configure a value converter using 'HasConversion'.
2025-01-21 19:42:49.716 -03:00  WRN  No store type was specified for the decimal property 'CurrentValue' on entity type 'Wallet'. This will cause values to be silently truncated if they do not fit in the default precision and scale. Explicitly specify the SQL server column type that can accommodate all the values in 'OnModelCreating' using 'HasColumnType', specify precision and scale using 'HasPrecision', or configure a value converter using 'HasConversion'.
2025-01-21 19:42:49.927 -03:00  INF  Executed DbCommand (181ms) [Parameters=[], CommandType='"Text"', CommandTimeout='60']
CREATE DATABASE [DataBaseKognit];
2025-01-21 19:42:50.007 -03:00  INF  Executed DbCommand (78ms) [Parameters=[], CommandType='"Text"', CommandTimeout='60']
IF SERVERPROPERTY('EngineEdition') <> 5
BEGIN
    ALTER DATABASE [DataBaseKognit] SET READ_COMMITTED_SNAPSHOT ON;
END;
2025-01-21 19:42:50.021 -03:00  INF  Executed DbCommand (5ms) [Parameters=[], CommandType='"Text"', CommandTimeout='30']
SELECT 1
2025-01-21 19:42:50.062 -03:00  INF  Executed DbCommand (11ms) [Parameters=[], CommandType='"Text"', CommandTimeout='30']
CREATE TABLE [__EFMigrationsHistory] (
    [MigrationId] nvarchar(150) NOT NULL,
    [ProductVersion] nvarchar(32) NOT NULL,
    CONSTRAINT [PK___EFMigrationsHistory] PRIMARY KEY ([MigrationId])
);
2025-01-21 19:42:50.063 -03:00  INF  Executed DbCommand (0ms) [Parameters=[], CommandType='"Text"', CommandTimeout='30']
SELECT 1
2025-01-21 19:42:50.072 -03:00  INF  Executed DbCommand (8ms) [Parameters=[], CommandType='"Text"', CommandTimeout='30']
SELECT OBJECT_ID(N'[__EFMigrationsHistory]');
2025-01-21 19:42:50.086 -03:00  INF  Executed DbCommand (13ms) [Parameters=[], CommandType='"Text"', CommandTimeout='30']
SELECT [MigrationId], [ProductVersion]
FROM [__EFMigrationsHistory]
ORDER BY [MigrationId];
2025-01-21 19:42:50.095 -03:00  INF  Applying migration '20250121224242_Add_Entities'.
2025-01-21 19:42:50.125 -03:00  INF  Executed DbCommand (7ms) [Parameters=[], CommandType='"Text"', CommandTimeout='30']
CREATE TABLE [Users] (
    [Id] int NOT NULL IDENTITY,
    [Name] nvarchar(max) NOT NULL,
    [BithDate] datetime2 NOT NULL,
    [NrCpf] nvarchar(450) NOT NULL,
    [Active] bit NULL,
    [DateCreated] datetime2 NULL,
    [DateModified] datetime2 NULL,
    CONSTRAINT [PK_Users] PRIMARY KEY ([Id])
);
2025-01-21 19:42:50.130 -03:00  INF  Executed DbCommand (5ms) [Parameters=[], CommandType='"Text"', CommandTimeout='30']
CREATE TABLE [Wallets] (
    [Id] int NOT NULL IDENTITY,
    [UserId] int NOT NULL,
    [CurrentValue] decimal(18,2) NOT NULL,
    [Bank] nvarchar(max) NOT NULL,
    [Active] bit NULL,
    [DateCreated] datetime2 NULL,
    [DateModified] datetime2 NULL,
    CONSTRAINT [PK_Wallets] PRIMARY KEY ([Id]),
    CONSTRAINT [FK_Wallets_Users_UserId] FOREIGN KEY ([UserId]) REFERENCES [Users] ([Id]) ON DELETE CASCADE
);
2025-01-21 19:42:50.136 -03:00  INF  Executed DbCommand (5ms) [Parameters=[], CommandType='"Text"', CommandTimeout='30']
CREATE UNIQUE INDEX [IX_Users_NrCpf] ON [Users] ([NrCpf]);
2025-01-21 19:42:50.138 -03:00  INF  Executed DbCommand (2ms) [Parameters=[], CommandType='"Text"', CommandTimeout='30']
CREATE INDEX [IX_Wallets_UserId] ON [Wallets] ([UserId]);
2025-01-21 19:42:50.147 -03:00  INF  Executed DbCommand (8ms) [Parameters=[], CommandType='"Text"', CommandTimeout='30']
INSERT INTO [__EFMigrationsHistory] ([MigrationId], [ProductVersion])
VALUES (N'20250121224242_Add_Entities', N'8.0.0');
2025-01-21 21:16:19.694 -03:00  INF  Request starting HTTP/2 GET https://localhost:44339/swagger/index.html - null null
2025-01-21 21:16:19.710 -03:00  INF  Application started. Press Ctrl+C to shut down.
2025-01-21 21:16:19.714 -03:00  INF  Hosting environment: Development
2025-01-21 21:16:19.714 -03:00  INF  Content root path: D:\Projetos\TesteKognit\ApiTesteKognit
2025-01-21 21:16:20.400 -03:00  INF  Request starting HTTP/2 GET https://localhost:44339/swagger/index.js - null null
2025-01-21 21:16:20.400 -03:00  INF  Request starting HTTP/2 GET https://localhost:44339/_framework/aspnetcore-browser-refresh.js - null null
2025-01-21 21:16:20.406 -03:00  INF  Request finished HTTP/2 GET https://localhost:44339/swagger/index.html - 200 null text/html;charset=utf-8 714.5795ms
2025-01-21 21:16:20.412 -03:00  INF  Request starting HTTP/2 GET https://localhost:44339/_vs/browserLink - null null
2025-01-21 21:16:20.420 -03:00  INF  Request finished HTTP/2 GET https://localhost:44339/_framework/aspnetcore-browser-refresh.js - 200 13764 application/javascript; charset=utf-8 15.3683ms
2025-01-21 21:16:20.447 -03:00  INF  Request finished HTTP/2 GET https://localhost:44339/swagger/index.js - 200 null application/javascript;charset=utf-8 47.8701ms
2025-01-21 21:16:20.488 -03:00  INF  Request finished HTTP/2 GET https://localhost:44339/_vs/browserLink - 200 null text/javascript; charset=UTF-8 81.0909ms
2025-01-21 21:16:20.531 -03:00  INF  Request starting HTTP/2 GET https://localhost:44339/swagger/v1/swagger.json - null null
2025-01-21 21:16:20.620 -03:00  INF  Request finished HTTP/2 GET https://localhost:44339/swagger/v1/swagger.json - 200 null application/json;charset=utf-8 89.5545ms
2025-01-21 21:19:54.384 -03:00  INF  Request starting HTTP/2 POST https://localhost:44339/api/User - application/json 122
2025-01-21 21:19:54.401 -03:00  INF  Executing endpoint 'ApiTesteKognit.Controllers.UserController.CreateUser (ApiTesteKognit)'
2025-01-21 21:19:54.430 -03:00  INF  Route matched with {action = "CreateUser", controller = "User"}. Executing controller action with signature System.Threading.Tasks.Task`1[Microsoft.AspNetCore.Mvc.IActionResult] CreateUser(ViewModel.User.UserViewModel) on controller ApiTesteKognit.Controllers.UserController (ApiTesteKognit).
2025-01-21 21:19:55.011 -03:00  INF  Executing BadRequestObjectResult, writing value of type 'Microsoft.AspNetCore.Mvc.ValidationProblemDetails'.
2025-01-21 21:19:55.047 -03:00  INF  Executed action ApiTesteKognit.Controllers.UserController.CreateUser (ApiTesteKognit) in 611.0868ms
2025-01-21 21:19:55.047 -03:00  INF  Executed endpoint 'ApiTesteKognit.Controllers.UserController.CreateUser (ApiTesteKognit)'
2025-01-21 21:19:55.049 -03:00  INF  Request finished HTTP/2 POST https://localhost:44339/api/User - 400 null application/problem+json; charset=utf-8 669.3814ms
2025-01-21 21:20:37.926 -03:00  INF  Request starting HTTP/1.1 POST https://localhost:44339/api/User - application/json 82
2025-01-21 21:20:37.928 -03:00  INF  Executing endpoint 'ApiTesteKognit.Controllers.UserController.CreateUser (ApiTesteKognit)'
2025-01-21 21:20:37.928 -03:00  INF  Route matched with {action = "CreateUser", controller = "User"}. Executing controller action with signature System.Threading.Tasks.Task`1[Microsoft.AspNetCore.Mvc.IActionResult] CreateUser(ViewModel.User.UserViewModel) on controller ApiTesteKognit.Controllers.UserController (ApiTesteKognit).
2025-01-21 21:20:37.945 -03:00  INF  Executing BadRequestObjectResult, writing value of type 'Microsoft.AspNetCore.Mvc.ValidationProblemDetails'.
2025-01-21 21:20:37.945 -03:00  INF  Executed action ApiTesteKognit.Controllers.UserController.CreateUser (ApiTesteKognit) in 17.4388ms
2025-01-21 21:20:37.945 -03:00  INF  Executed endpoint 'ApiTesteKognit.Controllers.UserController.CreateUser (ApiTesteKognit)'
2025-01-21 21:20:37.946 -03:00  INF  Request finished HTTP/1.1 POST https://localhost:44339/api/User - 400 null application/problem+json; charset=utf-8 21.5754ms
2025-01-21 21:20:49.200 -03:00  INF  Request starting HTTP/1.1 POST https://localhost:44339/api/User - application/json 82
2025-01-21 21:20:49.200 -03:00  INF  Executing endpoint 'ApiTesteKognit.Controllers.UserController.CreateUser (ApiTesteKognit)'
2025-01-21 21:20:49.200 -03:00  INF  Route matched with {action = "CreateUser", controller = "User"}. Executing controller action with signature System.Threading.Tasks.Task`1[Microsoft.AspNetCore.Mvc.IActionResult] CreateUser(ViewModel.User.UserViewModel) on controller ApiTesteKognit.Controllers.UserController (ApiTesteKognit).
2025-01-21 21:20:49.532 -03:00  WRN  No store type was specified for the decimal property 'CurrentValue' on entity type 'Wallet'. This will cause values to be silently truncated if they do not fit in the default precision and scale. Explicitly specify the SQL server column type that can accommodate all the values in 'OnModelCreating' using 'HasColumnType', specify precision and scale using 'HasPrecision', or configure a value converter using 'HasConversion'.
2025-01-21 21:20:50.702 -03:00  INF  Executed DbCommand (88ms) [Parameters=[@p0='?' (DbType = Boolean), @p1='?' (DbType = DateTime2), @p2='?' (DbType = DateTime2), @p3='?' (DbType = DateTime2), @p4='?' (Size = 4000), @p5='?' (Size = 450)], CommandType='"Text"', CommandTimeout='30']
SET IMPLICIT_TRANSACTIONS OFF;
SET NOCOUNT ON;
INSERT INTO [Users] ([Active], [BithDate], [DateCreated], [DateModified], [Name], [NrCpf])
OUTPUT INSERTED.[Id]
VALUES (@p0, @p1, @p2, @p3, @p4, @p5);
2025-01-21 21:20:50.735 -03:00  INF  Executing OkObjectResult, writing value of type 'ViewModel.User.UserViewModel'.
2025-01-21 21:20:50.739 -03:00  INF  Executed action ApiTesteKognit.Controllers.UserController.CreateUser (ApiTesteKognit) in 1538.2159ms
2025-01-21 21:20:50.739 -03:00  INF  Executed endpoint 'ApiTesteKognit.Controllers.UserController.CreateUser (ApiTesteKognit)'
2025-01-21 21:20:50.744 -03:00  INF  Request finished HTTP/1.1 POST https://localhost:44339/api/User - 200 null application/json; charset=utf-8 1544.881ms
2025-01-21 21:21:43.649 -03:00  INF  Request starting HTTP/1.1 GET https://localhost:44339/api/User - application/json 82
2025-01-21 21:21:43.650 -03:00  INF  Executing endpoint 'ApiTesteKognit.Controllers.UserController.GetAllUsers (ApiTesteKognit)'
2025-01-21 21:21:43.652 -03:00  INF  Route matched with {action = "GetAllUsers", controller = "User"}. Executing controller action with signature System.Threading.Tasks.Task`1[Microsoft.AspNetCore.Mvc.IActionResult] GetAllUsers() on controller ApiTesteKognit.Controllers.UserController (ApiTesteKognit).
2025-01-21 21:21:43.823 -03:00  INF  Executed DbCommand (7ms) [Parameters=[], CommandType='"Text"', CommandTimeout='30']
SELECT [u].[Id], [u].[Active], [u].[BithDate], [u].[DateCreated], [u].[DateModified], [u].[Name], [u].[NrCpf]
FROM [Users] AS [u]
2025-01-21 21:21:43.835 -03:00  INF  Executing OkObjectResult, writing value of type 'System.Collections.Generic.List`1[[ViewModel.User.UserViewModel, ViewModel, Version=1.0.0.0, Culture=neutral, PublicKeyToken=null]]'.
2025-01-21 21:21:43.837 -03:00  INF  Executed action ApiTesteKognit.Controllers.UserController.GetAllUsers (ApiTesteKognit) in 184.2269ms
2025-01-21 21:21:43.837 -03:00  INF  Executed endpoint 'ApiTesteKognit.Controllers.UserController.GetAllUsers (ApiTesteKognit)'
2025-01-21 21:21:43.837 -03:00  INF  Request finished HTTP/1.1 GET https://localhost:44339/api/User - 200 null application/json; charset=utf-8 193.9263ms
2025-01-21 21:24:13.694 -03:00  INF  Request starting HTTP/2 GET https://localhost:44339/swagger/index.html - null null
2025-01-21 21:24:13.721 -03:00  INF  Application started. Press Ctrl+C to shut down.
2025-01-21 21:24:13.723 -03:00  INF  Hosting environment: Development
2025-01-21 21:24:13.723 -03:00  INF  Content root path: D:\Projetos\TesteKognit\ApiTesteKognit
2025-01-21 21:24:13.879 -03:00  INF  Request starting HTTP/2 GET https://localhost:44339/_framework/aspnetcore-browser-refresh.js - null null
2025-01-21 21:24:13.879 -03:00  INF  Request starting HTTP/2 GET https://localhost:44339/swagger/index.js - null null
2025-01-21 21:24:13.879 -03:00  INF  Request finished HTTP/2 GET https://localhost:44339/swagger/index.html - 200 null text/html;charset=utf-8 190.0089ms
2025-01-21 21:24:13.879 -03:00  INF  Request starting HTTP/2 GET https://localhost:44339/_vs/browserLink - null null
2025-01-21 21:24:13.902 -03:00  INF  Request finished HTTP/2 GET https://localhost:44339/swagger/index.js - 200 null application/javascript;charset=utf-8 20.2669ms
2025-01-21 21:24:13.903 -03:00  INF  Request finished HTTP/2 GET https://localhost:44339/_framework/aspnetcore-browser-refresh.js - 200 13764 application/javascript; charset=utf-8 20.6479ms
2025-01-21 21:24:13.931 -03:00  INF  Request finished HTTP/2 GET https://localhost:44339/_vs/browserLink - 200 null text/javascript; charset=UTF-8 51.9877ms
2025-01-21 21:24:13.963 -03:00  INF  Request starting HTTP/2 GET https://localhost:44339/swagger/v1/swagger.json - null null
2025-01-21 21:24:14.050 -03:00  INF  Request finished HTTP/2 GET https://localhost:44339/swagger/v1/swagger.json - 200 null application/json;charset=utf-8 87.5115ms
2025-01-21 21:25:01.764 -03:00  INF  Request starting HTTP/1.1 POST https://localhost:44339/api/Wallet - application/json 63
2025-01-21 21:25:01.779 -03:00  INF  Executing endpoint 'ApiTesteKognit.Controllers.WalletController.CreateWallet (ApiTesteKognit)'
2025-01-21 21:25:01.793 -03:00  INF  Route matched with {action = "CreateWallet", controller = "Wallet"}. Executing controller action with signature System.Threading.Tasks.Task`1[Microsoft.AspNetCore.Mvc.IActionResult] CreateWallet(ViewModel.Wallet.WalletViewModel) on controller ApiTesteKognit.Controllers.WalletController (ApiTesteKognit).
2025-01-21 21:25:02.228 -03:00  WRN  No store type was specified for the decimal property 'CurrentValue' on entity type 'Wallet'. This will cause values to be silently truncated if they do not fit in the default precision and scale. Explicitly specify the SQL server column type that can accommodate all the values in 'OnModelCreating' using 'HasColumnType', specify precision and scale using 'HasPrecision', or configure a value converter using 'HasConversion'.
2025-01-21 21:25:02.829 -03:00  INF  Executed DbCommand (49ms) [Parameters=[@__userId_0='?' (DbType = Int32)], CommandType='"Text"', CommandTimeout='30']
SELECT TOP(1) [u].[Id], [u].[Active], [u].[BithDate], [u].[DateCreated], [u].[DateModified], [u].[Name], [u].[NrCpf]
FROM [Users] AS [u]
WHERE [u].[Id] = @__userId_0
2025-01-21 21:25:03.006 -03:00  INF  Executed DbCommand (14ms) [Parameters=[@p0='?' (DbType = Boolean), @p1='?' (Size = 4000), @p2='?' (Precision = 18) (Scale = 2) (DbType = Decimal), @p3='?' (DbType = DateTime2), @p4='?' (DbType = DateTime2), @p5='?' (DbType = Int32)], CommandType='"Text"', CommandTimeout='30']
SET IMPLICIT_TRANSACTIONS OFF;
SET NOCOUNT ON;
INSERT INTO [Wallets] ([Active], [Bank], [CurrentValue], [DateCreated], [DateModified], [UserId])
OUTPUT INSERTED.[Id]
VALUES (@p0, @p1, @p2, @p3, @p4, @p5);
2025-01-21 21:25:03.023 -03:00  INF  Carteira criada com sucesso.
2025-01-21 21:25:03.027 -03:00  INF  Executing OkObjectResult, writing value of type 'ViewModel.Wallet.WalletViewModel'.
2025-01-21 21:25:03.037 -03:00  INF  Executed action ApiTesteKognit.Controllers.WalletController.CreateWallet (ApiTesteKognit) in 1240.6651ms
2025-01-21 21:25:03.038 -03:00  INF  Executed endpoint 'ApiTesteKognit.Controllers.WalletController.CreateWallet (ApiTesteKognit)'
2025-01-21 21:25:03.046 -03:00  INF  Request finished HTTP/1.1 POST https://localhost:44339/api/Wallet - 200 null application/json; charset=utf-8 1282.9568ms
2025-01-21 21:25:08.656 -03:00  INF  Request starting HTTP/1.1 POST https://localhost:44339/api/Wallet - application/json 63
2025-01-21 21:25:08.657 -03:00  INF  Executing endpoint 'ApiTesteKognit.Controllers.WalletController.CreateWallet (ApiTesteKognit)'
2025-01-21 21:25:08.657 -03:00  INF  Route matched with {action = "CreateWallet", controller = "Wallet"}. Executing controller action with signature System.Threading.Tasks.Task`1[Microsoft.AspNetCore.Mvc.IActionResult] CreateWallet(ViewModel.Wallet.WalletViewModel) on controller ApiTesteKognit.Controllers.WalletController (ApiTesteKognit).
2025-01-21 21:25:08.698 -03:00  INF  Executed DbCommand (3ms) [Parameters=[@__userId_0='?' (DbType = Int32)], CommandType='"Text"', CommandTimeout='30']
SELECT TOP(1) [u].[Id], [u].[Active], [u].[BithDate], [u].[DateCreated], [u].[DateModified], [u].[Name], [u].[NrCpf]
FROM [Users] AS [u]
WHERE [u].[Id] = @__userId_0
2025-01-21 21:25:08.701 -03:00  INF  Executing BadRequestObjectResult, writing value of type 'System.Collections.Generic.List`1[[FluentResults.IError, FluentResults, Version=3.16.0.0, Culture=neutral, PublicKeyToken=null]]'.
2025-01-21 21:25:08.704 -03:00  INF  Executed action ApiTesteKognit.Controllers.WalletController.CreateWallet (ApiTesteKognit) in 46.8261ms
2025-01-21 21:25:08.704 -03:00  INF  Executed endpoint 'ApiTesteKognit.Controllers.WalletController.CreateWallet (ApiTesteKognit)'
2025-01-21 21:25:08.704 -03:00  INF  Request finished HTTP/1.1 POST https://localhost:44339/api/Wallet - 400 null application/json; charset=utf-8 48.6477ms
2025-01-21 21:25:14.727 -03:00  INF  Request starting HTTP/1.1 POST https://localhost:44339/api/Wallet - application/json 63
2025-01-21 21:25:14.728 -03:00  INF  Executing endpoint 'ApiTesteKognit.Controllers.WalletController.CreateWallet (ApiTesteKognit)'
2025-01-21 21:25:14.728 -03:00  INF  Route matched with {action = "CreateWallet", controller = "Wallet"}. Executing controller action with signature System.Threading.Tasks.Task`1[Microsoft.AspNetCore.Mvc.IActionResult] CreateWallet(ViewModel.Wallet.WalletViewModel) on controller ApiTesteKognit.Controllers.WalletController (ApiTesteKognit).
2025-01-21 21:25:14.745 -03:00  INF  Executed DbCommand (2ms) [Parameters=[@__userId_0='?' (DbType = Int32)], CommandType='"Text"', CommandTimeout='30']
SELECT TOP(1) [u].[Id], [u].[Active], [u].[BithDate], [u].[DateCreated], [u].[DateModified], [u].[Name], [u].[NrCpf]
FROM [Users] AS [u]
WHERE [u].[Id] = @__userId_0
2025-01-21 21:25:14.746 -03:00  INF  Executing BadRequestObjectResult, writing value of type 'System.Collections.Generic.List`1[[FluentResults.IError, FluentResults, Version=3.16.0.0, Culture=neutral, PublicKeyToken=null]]'.
2025-01-21 21:25:14.746 -03:00  INF  Executed action ApiTesteKognit.Controllers.WalletController.CreateWallet (ApiTesteKognit) in 18.4942ms
2025-01-21 21:25:14.746 -03:00  INF  Executed endpoint 'ApiTesteKognit.Controllers.WalletController.CreateWallet (ApiTesteKognit)'
2025-01-21 21:25:14.747 -03:00  INF  Request finished HTTP/1.1 POST https://localhost:44339/api/Wallet - 400 null application/json; charset=utf-8 19.9908ms
2025-01-21 21:26:03.975 -03:00  INF  Request starting HTTP/2 GET https://localhost:44339/swagger/index.html - null null
2025-01-21 21:26:04.026 -03:00  INF  Application started. Press Ctrl+C to shut down.
2025-01-21 21:26:04.030 -03:00  INF  Hosting environment: Development
2025-01-21 21:26:04.030 -03:00  INF  Content root path: D:\Projetos\TesteKognit\ApiTesteKognit
2025-01-21 21:26:04.220 -03:00  INF  Request finished HTTP/2 GET https://localhost:44339/swagger/index.html - 200 null text/html;charset=utf-8 268.439ms
2025-01-21 21:26:04.221 -03:00  INF  Request starting HTTP/2 GET https://localhost:44339/_framework/aspnetcore-browser-refresh.js - null null
2025-01-21 21:26:04.222 -03:00  INF  Request starting HTTP/2 GET https://localhost:44339/swagger/index.js - null null
2025-01-21 21:26:04.226 -03:00  INF  Request starting HTTP/2 GET https://localhost:44339/_vs/browserLink - null null
2025-01-21 21:26:04.262 -03:00  INF  Request finished HTTP/2 GET https://localhost:44339/_framework/aspnetcore-browser-refresh.js - 200 13764 application/javascript; charset=utf-8 35.335ms
2025-01-21 21:26:04.263 -03:00  INF  Request finished HTTP/2 GET https://localhost:44339/swagger/index.js - 200 null application/javascript;charset=utf-8 40.9009ms
2025-01-21 21:26:04.335 -03:00  INF  Request finished HTTP/2 GET https://localhost:44339/_vs/browserLink - 200 null text/javascript; charset=UTF-8 109.9981ms
2025-01-21 21:26:04.372 -03:00  INF  Request starting HTTP/2 GET https://localhost:44339/swagger/v1/swagger.json - null null
2025-01-21 21:26:04.450 -03:00  INF  Request finished HTTP/2 GET https://localhost:44339/swagger/v1/swagger.json - 200 null application/json;charset=utf-8 77.8116ms
2025-01-21 21:26:23.062 -03:00  INF  Request starting HTTP/2 GET https://localhost:44339/api/Wallet/GetWalletsByCpfUser/132 - null null
2025-01-21 21:26:23.068 -03:00  INF  Executing endpoint 'ApiTesteKognit.Controllers.WalletController.GetWalletsByCpfUserAsync (ApiTesteKognit)'
2025-01-21 21:26:23.085 -03:00  INF  Route matched with {action = "GetWalletsByCpfUser", controller = "Wallet"}. Executing controller action with signature System.Threading.Tasks.Task`1[Microsoft.AspNetCore.Mvc.IActionResult] GetWalletsByCpfUserAsync(System.String) on controller ApiTesteKognit.Controllers.WalletController (ApiTesteKognit).
2025-01-21 21:26:23.556 -03:00  WRN  No store type was specified for the decimal property 'CurrentValue' on entity type 'Wallet'. This will cause values to be silently truncated if they do not fit in the default precision and scale. Explicitly specify the SQL server column type that can accommodate all the values in 'OnModelCreating' using 'HasColumnType', specify precision and scale using 'HasPrecision', or configure a value converter using 'HasConversion'.
2025-01-21 21:26:24.215 -03:00  INF  Executed DbCommand (56ms) [Parameters=[@__cpfUser_0='?' (Size = 450)], CommandType='"Text"', CommandTimeout='30']
SELECT [w].[Id], [w].[Active], [w].[Bank], [w].[CurrentValue], [w].[DateCreated], [w].[DateModified], [w].[UserId], [u].[Id], [u].[Active], [u].[BithDate], [u].[DateCreated], [u].[DateModified], [u].[Name], [u].[NrCpf]
FROM [Wallets] AS [w]
INNER JOIN [Users] AS [u] ON [w].[UserId] = [u].[Id]
WHERE [u].[NrCpf] = @__cpfUser_0
2025-01-21 21:26:24.235 -03:00  INF  Executing StatusCodeResult, setting HTTP status code 204
2025-01-21 21:26:24.238 -03:00  INF  Executed action ApiTesteKognit.Controllers.WalletController.GetWalletsByCpfUserAsync (ApiTesteKognit) in 1150.0801ms
2025-01-21 21:26:24.238 -03:00  INF  Executed endpoint 'ApiTesteKognit.Controllers.WalletController.GetWalletsByCpfUserAsync (ApiTesteKognit)'
2025-01-21 21:26:24.246 -03:00  INF  Request finished HTTP/2 GET https://localhost:44339/api/Wallet/GetWalletsByCpfUser/132 - 204 null null 1183.358ms
2025-01-21 21:26:42.218 -03:00  INF  Request starting HTTP/1.1 GET https://localhost:44339/api/Wallet/GetWalletsByCpfUser/207.782.911-99 - application/json 82
2025-01-21 21:26:42.220 -03:00  INF  Executing endpoint 'ApiTesteKognit.Controllers.WalletController.GetWalletsByCpfUserAsync (ApiTesteKognit)'
2025-01-21 21:26:42.220 -03:00  INF  Route matched with {action = "GetWalletsByCpfUser", controller = "Wallet"}. Executing controller action with signature System.Threading.Tasks.Task`1[Microsoft.AspNetCore.Mvc.IActionResult] GetWalletsByCpfUserAsync(System.String) on controller ApiTesteKognit.Controllers.WalletController (ApiTesteKognit).
2025-01-21 21:26:42.270 -03:00  INF  Executed DbCommand (6ms) [Parameters=[@__cpfUser_0='?' (Size = 450)], CommandType='"Text"', CommandTimeout='30']
SELECT [w].[Id], [w].[Active], [w].[Bank], [w].[CurrentValue], [w].[DateCreated], [w].[DateModified], [w].[UserId], [u].[Id], [u].[Active], [u].[BithDate], [u].[DateCreated], [u].[DateModified], [u].[Name], [u].[NrCpf]
FROM [Wallets] AS [w]
INNER JOIN [Users] AS [u] ON [w].[UserId] = [u].[Id]
WHERE [u].[NrCpf] = @__cpfUser_0
2025-01-21 21:26:42.337 -03:00  INF  Executing OkObjectResult, writing value of type 'System.Collections.Generic.List`1[[ViewModel.Wallet.WalletsUserViewModel, ViewModel, Version=1.0.0.0, Culture=neutral, PublicKeyToken=null]]'.
2025-01-21 21:26:42.347 -03:00  INF  Executed action ApiTesteKognit.Controllers.WalletController.GetWalletsByCpfUserAsync (ApiTesteKognit) in 126.6287ms
2025-01-21 21:26:42.347 -03:00  INF  Executed endpoint 'ApiTesteKognit.Controllers.WalletController.GetWalletsByCpfUserAsync (ApiTesteKognit)'
2025-01-21 21:26:42.348 -03:00  INF  Request finished HTTP/1.1 GET https://localhost:44339/api/Wallet/GetWalletsByCpfUser/207.782.911-99 - 200 null application/json; charset=utf-8 130.6804ms
2025-01-21 21:27:03.615 -03:00  INF  Request starting HTTP/1.1 GET https://localhost:44339/api/Wallet/GetWalletsByCpfUser/2123 - application/json 82
2025-01-21 21:27:03.616 -03:00  INF  Executing endpoint 'ApiTesteKognit.Controllers.WalletController.GetWalletsByCpfUserAsync (ApiTesteKognit)'
2025-01-21 21:27:03.616 -03:00  INF  Route matched with {action = "GetWalletsByCpfUser", controller = "Wallet"}. Executing controller action with signature System.Threading.Tasks.Task`1[Microsoft.AspNetCore.Mvc.IActionResult] GetWalletsByCpfUserAsync(System.String) on controller ApiTesteKognit.Controllers.WalletController (ApiTesteKognit).
2025-01-21 21:27:04.760 -03:00  INF  Executed DbCommand (1ms) [Parameters=[@__cpfUser_0='?' (Size = 450)], CommandType='"Text"', CommandTimeout='30']
SELECT [w].[Id], [w].[Active], [w].[Bank], [w].[CurrentValue], [w].[DateCreated], [w].[DateModified], [w].[UserId], [u].[Id], [u].[Active], [u].[BithDate], [u].[DateCreated], [u].[DateModified], [u].[Name], [u].[NrCpf]
FROM [Wallets] AS [w]
INNER JOIN [Users] AS [u] ON [w].[UserId] = [u].[Id]
WHERE [u].[NrCpf] = @__cpfUser_0
2025-01-21 21:27:28.061 -03:00  INF  Request starting HTTP/2 GET https://localhost:44339/swagger/index.html - null null
2025-01-21 21:27:28.082 -03:00  INF  Application started. Press Ctrl+C to shut down.
2025-01-21 21:27:28.087 -03:00  INF  Hosting environment: Development
2025-01-21 21:27:28.087 -03:00  INF  Content root path: D:\Projetos\TesteKognit\ApiTesteKognit
2025-01-21 21:27:28.238 -03:00  INF  Request finished HTTP/2 GET https://localhost:44339/swagger/index.html - 200 null text/html;charset=utf-8 181.118ms
2025-01-21 21:27:28.243 -03:00  INF  Request starting HTTP/2 GET https://localhost:44339/_framework/aspnetcore-browser-refresh.js - null null
2025-01-21 21:27:28.243 -03:00  INF  Request starting HTTP/2 GET https://localhost:44339/swagger/index.js - null null
2025-01-21 21:27:28.245 -03:00  INF  Request starting HTTP/2 GET https://localhost:44339/_vs/browserLink - null null
2025-01-21 21:27:28.263 -03:00  INF  Request finished HTTP/2 GET https://localhost:44339/_framework/aspnetcore-browser-refresh.js - 200 13764 application/javascript; charset=utf-8 19.951ms
2025-01-21 21:27:28.266 -03:00  INF  Request finished HTTP/2 GET https://localhost:44339/swagger/index.js - 200 null application/javascript;charset=utf-8 22.224ms
2025-01-21 21:27:28.292 -03:00  INF  Request finished HTTP/2 GET https://localhost:44339/_vs/browserLink - 200 null text/javascript; charset=UTF-8 46.557ms
2025-01-21 21:27:28.323 -03:00  INF  Request starting HTTP/2 GET https://localhost:44339/swagger/v1/swagger.json - null null
2025-01-21 21:27:28.402 -03:00  INF  Request finished HTTP/2 GET https://localhost:44339/swagger/v1/swagger.json - 200 null application/json;charset=utf-8 78.3448ms
2025-01-21 21:27:30.730 -03:00  INF  Request starting HTTP/1.1 GET https://localhost:44339/api/Wallet/GetWalletsByCpfUser/2123 - application/json 82
2025-01-21 21:27:30.736 -03:00  INF  Executing endpoint 'ApiTesteKognit.Controllers.WalletController.GetWalletsByCpfUserAsync (ApiTesteKognit)'
2025-01-21 21:27:30.754 -03:00  INF  Route matched with {action = "GetWalletsByCpfUser", controller = "Wallet"}. Executing controller action with signature System.Threading.Tasks.Task`1[Microsoft.AspNetCore.Mvc.IActionResult] GetWalletsByCpfUserAsync(System.String) on controller ApiTesteKognit.Controllers.WalletController (ApiTesteKognit).
2025-01-21 21:27:31.169 -03:00  WRN  No store type was specified for the decimal property 'CurrentValue' on entity type 'Wallet'. This will cause values to be silently truncated if they do not fit in the default precision and scale. Explicitly specify the SQL server column type that can accommodate all the values in 'OnModelCreating' using 'HasColumnType', specify precision and scale using 'HasPrecision', or configure a value converter using 'HasConversion'.
2025-01-21 21:27:31.790 -03:00  INF  Executed DbCommand (49ms) [Parameters=[@__cpfUser_0='?' (Size = 450)], CommandType='"Text"', CommandTimeout='30']
SELECT [w].[Id], [w].[Active], [w].[Bank], [w].[CurrentValue], [w].[DateCreated], [w].[DateModified], [w].[UserId], [u].[Id], [u].[Active], [u].[BithDate], [u].[DateCreated], [u].[DateModified], [u].[Name], [u].[NrCpf]
FROM [Wallets] AS [w]
INNER JOIN [Users] AS [u] ON [w].[UserId] = [u].[Id]
WHERE [u].[NrCpf] = @__cpfUser_0
2025-01-21 21:27:31.814 -03:00  INF  Executing StatusCodeResult, setting HTTP status code 204
2025-01-21 21:27:31.816 -03:00  INF  Executed action ApiTesteKognit.Controllers.WalletController.GetWalletsByCpfUserAsync (ApiTesteKognit) in 1060.1817ms
2025-01-21 21:27:31.817 -03:00  INF  Executed endpoint 'ApiTesteKognit.Controllers.WalletController.GetWalletsByCpfUserAsync (ApiTesteKognit)'
2025-01-21 21:27:31.824 -03:00  INF  Request finished HTTP/1.1 GET https://localhost:44339/api/Wallet/GetWalletsByCpfUser/2123 - 204 null null 1094.1503ms
2025-01-21 21:27:57.494 -03:00  INF  Request starting HTTP/1.1 GET https://localhost:44339/api/Wallet - application/json 82
2025-01-21 21:27:57.495 -03:00  INF  Executing endpoint 'ApiTesteKognit.Controllers.WalletController.GetAllWallets (ApiTesteKognit)'
2025-01-21 21:27:57.499 -03:00  INF  Route matched with {action = "GetAllWallets", controller = "Wallet"}. Executing controller action with signature System.Threading.Tasks.Task`1[Microsoft.AspNetCore.Mvc.IActionResult] GetAllWallets() on controller ApiTesteKognit.Controllers.WalletController (ApiTesteKognit).
2025-01-21 21:27:57.552 -03:00  INF  Executed DbCommand (5ms) [Parameters=[], CommandType='"Text"', CommandTimeout='30']
SELECT [w].[Id], [w].[Active], [w].[Bank], [w].[CurrentValue], [w].[DateCreated], [w].[DateModified], [w].[UserId]
FROM [Wallets] AS [w]
2025-01-21 21:27:57.594 -03:00  INF  Executing OkObjectResult, writing value of type 'System.Collections.Generic.List`1[[ViewModel.Wallet.WalletsUserViewModel, ViewModel, Version=1.0.0.0, Culture=neutral, PublicKeyToken=null]]'.
2025-01-21 21:27:57.604 -03:00  INF  Executed action ApiTesteKognit.Controllers.WalletController.GetAllWallets (ApiTesteKognit) in 105.6589ms
2025-01-21 21:27:57.604 -03:00  INF  Executed endpoint 'ApiTesteKognit.Controllers.WalletController.GetAllWallets (ApiTesteKognit)'
2025-01-21 21:27:57.605 -03:00  INF  Request finished HTTP/1.1 GET https://localhost:44339/api/Wallet - 200 null application/json; charset=utf-8 110.7519ms
2025-01-21 21:29:29.486 -03:00  INF  Request starting HTTP/2 GET https://localhost:44339/swagger/index.html - null null
2025-01-21 21:29:29.509 -03:00  INF  Application started. Press Ctrl+C to shut down.
2025-01-21 21:29:29.512 -03:00  INF  Hosting environment: Development
2025-01-21 21:29:29.512 -03:00  INF  Content root path: D:\Projetos\TesteKognit\ApiTesteKognit
2025-01-21 21:29:29.674 -03:00  INF  Request finished HTTP/2 GET https://localhost:44339/swagger/index.html - 200 null text/html;charset=utf-8 196.2152ms
2025-01-21 21:29:29.700 -03:00  INF  Request starting HTTP/2 GET https://localhost:44339/swagger/index.js - null null
2025-01-21 21:29:29.700 -03:00  INF  Request starting HTTP/2 GET https://localhost:44339/_vs/browserLink - null null
2025-01-21 21:29:29.700 -03:00  INF  Request starting HTTP/2 GET https://localhost:44339/_framework/aspnetcore-browser-refresh.js - null null
2025-01-21 21:29:29.719 -03:00  INF  Request finished HTTP/2 GET https://localhost:44339/_framework/aspnetcore-browser-refresh.js - 200 13764 application/javascript; charset=utf-8 18.7231ms
2025-01-21 21:29:29.719 -03:00  INF  Request finished HTTP/2 GET https://localhost:44339/swagger/index.js - 200 null application/javascript;charset=utf-8 20.1061ms
2025-01-21 21:29:29.749 -03:00  INF  Request finished HTTP/2 GET https://localhost:44339/_vs/browserLink - 200 null text/javascript; charset=UTF-8 49.2093ms
2025-01-21 21:29:29.778 -03:00  INF  Request starting HTTP/2 GET https://localhost:44339/swagger/v1/swagger.json - null null
2025-01-21 21:29:29.862 -03:00  INF  Request finished HTTP/2 GET https://localhost:44339/swagger/v1/swagger.json - 200 null application/json;charset=utf-8 83.9608ms
2025-01-21 21:29:50.886 -03:00  INF  Request starting HTTP/1.1 GET https://localhost:44339/api/Wallet - application/json 82
2025-01-21 21:29:50.899 -03:00  INF  Executing endpoint 'ApiTesteKognit.Controllers.WalletController.GetAllWallets (ApiTesteKognit)'
2025-01-21 21:29:50.914 -03:00  INF  Route matched with {action = "GetAllWallets", controller = "Wallet"}. Executing controller action with signature System.Threading.Tasks.Task`1[Microsoft.AspNetCore.Mvc.IActionResult] GetAllWallets() on controller ApiTesteKognit.Controllers.WalletController (ApiTesteKognit).
2025-01-21 21:29:51.337 -03:00  WRN  No store type was specified for the decimal property 'CurrentValue' on entity type 'Wallet'. This will cause values to be silently truncated if they do not fit in the default precision and scale. Explicitly specify the SQL server column type that can accommodate all the values in 'OnModelCreating' using 'HasColumnType', specify precision and scale using 'HasPrecision', or configure a value converter using 'HasConversion'.
2025-01-21 21:29:51.841 -03:00  INF  Executed DbCommand (34ms) [Parameters=[], CommandType='"Text"', CommandTimeout='30']
SELECT [w].[Id], [w].[Active], [w].[Bank], [w].[CurrentValue], [w].[DateCreated], [w].[DateModified], [w].[UserId]
FROM [Wallets] AS [w]
2025-01-21 21:30:13.841 -03:00  INF  Request starting HTTP/2 GET https://localhost:44339/swagger/index.html - null null
2025-01-21 21:30:13.863 -03:00  INF  Application started. Press Ctrl+C to shut down.
2025-01-21 21:30:13.865 -03:00  INF  Hosting environment: Development
2025-01-21 21:30:13.865 -03:00  INF  Content root path: D:\Projetos\TesteKognit\ApiTesteKognit
2025-01-21 21:30:14.022 -03:00  INF  Request starting HTTP/2 GET https://localhost:44339/_framework/aspnetcore-browser-refresh.js - null null
2025-01-21 21:30:14.022 -03:00  INF  Request starting HTTP/2 GET https://localhost:44339/swagger/index.js - null null
2025-01-21 21:30:14.025 -03:00  INF  Request starting HTTP/2 GET https://localhost:44339/_vs/browserLink - null null
2025-01-21 21:30:14.025 -03:00  INF  Request finished HTTP/2 GET https://localhost:44339/swagger/index.html - 200 null text/html;charset=utf-8 188.1282ms
2025-01-21 21:30:14.040 -03:00  INF  Request finished HTTP/2 GET https://localhost:44339/_framework/aspnetcore-browser-refresh.js - 200 13764 application/javascript; charset=utf-8 15.2289ms
2025-01-21 21:30:14.041 -03:00  INF  Request finished HTTP/2 GET https://localhost:44339/swagger/index.js - 200 null application/javascript;charset=utf-8 18.7927ms
2025-01-21 21:30:14.061 -03:00  INF  Request finished HTTP/2 GET https://localhost:44339/_vs/browserLink - 200 null text/javascript; charset=UTF-8 36.6059ms
2025-01-21 21:30:14.094 -03:00  INF  Request starting HTTP/2 GET https://localhost:44339/swagger/v1/swagger.json - null null
2025-01-21 21:30:14.171 -03:00  INF  Request finished HTTP/2 GET https://localhost:44339/swagger/v1/swagger.json - 200 null application/json;charset=utf-8 77.1012ms
2025-01-21 21:30:14.826 -03:00  INF  Request starting HTTP/1.1 GET https://localhost:44339/api/Wallet - application/json 82
2025-01-21 21:30:14.831 -03:00  INF  Executing endpoint 'ApiTesteKognit.Controllers.WalletController.GetAllWallets (ApiTesteKognit)'
2025-01-21 21:30:14.843 -03:00  INF  Route matched with {action = "GetAllWallets", controller = "Wallet"}. Executing controller action with signature System.Threading.Tasks.Task`1[Microsoft.AspNetCore.Mvc.IActionResult] GetAllWallets() on controller ApiTesteKognit.Controllers.WalletController (ApiTesteKognit).
2025-01-21 21:30:15.255 -03:00  WRN  No store type was specified for the decimal property 'CurrentValue' on entity type 'Wallet'. This will cause values to be silently truncated if they do not fit in the default precision and scale. Explicitly specify the SQL server column type that can accommodate all the values in 'OnModelCreating' using 'HasColumnType', specify precision and scale using 'HasPrecision', or configure a value converter using 'HasConversion'.
2025-01-21 21:30:15.894 -03:00  INF  Executed DbCommand (36ms) [Parameters=[], CommandType='"Text"', CommandTimeout='30']
SELECT [w].[Id], [w].[Active], [w].[Bank], [w].[CurrentValue], [w].[DateCreated], [w].[DateModified], [w].[UserId], [u].[Id], [u].[Active], [u].[BithDate], [u].[DateCreated], [u].[DateModified], [u].[Name], [u].[NrCpf]
FROM [Wallets] AS [w]
INNER JOIN [Users] AS [u] ON [w].[UserId] = [u].[Id]
2025-01-21 21:30:15.968 -03:00  INF  Executing OkObjectResult, writing value of type 'System.Collections.Generic.List`1[[ViewModel.Wallet.WalletsUserViewModel, ViewModel, Version=1.0.0.0, Culture=neutral, PublicKeyToken=null]]'.
2025-01-21 21:30:15.986 -03:00  INF  Executed action ApiTesteKognit.Controllers.WalletController.GetAllWallets (ApiTesteKognit) in 1140.4772ms
2025-01-21 21:30:15.987 -03:00  INF  Executed endpoint 'ApiTesteKognit.Controllers.WalletController.GetAllWallets (ApiTesteKognit)'
2025-01-21 21:30:15.994 -03:00  INF  Request finished HTTP/1.1 GET https://localhost:44339/api/Wallet - 200 null application/json; charset=utf-8 1167.5345ms
2025-01-21 21:30:49.052 -03:00  INF  Request starting HTTP/2 GET https://localhost:44339/swagger/index.html - null null
2025-01-21 21:30:49.074 -03:00  INF  Application started. Press Ctrl+C to shut down.
2025-01-21 21:30:49.077 -03:00  INF  Hosting environment: Development
2025-01-21 21:30:49.077 -03:00  INF  Content root path: D:\Projetos\TesteKognit\ApiTesteKognit
2025-01-21 21:30:49.230 -03:00  INF  Request starting HTTP/2 GET https://localhost:44339/_framework/aspnetcore-browser-refresh.js - null null
2025-01-21 21:30:49.231 -03:00  INF  Request finished HTTP/2 GET https://localhost:44339/swagger/index.html - 200 null text/html;charset=utf-8 183.5472ms
2025-01-21 21:30:49.233 -03:00  INF  Request starting HTTP/2 GET https://localhost:44339/_vs/browserLink - null null
2025-01-21 21:30:49.233 -03:00  INF  Request starting HTTP/2 GET https://localhost:44339/swagger/index.js - null null
2025-01-21 21:30:49.239 -03:00  INF  Request finished HTTP/2 GET https://localhost:44339/_framework/aspnetcore-browser-refresh.js - 200 13764 application/javascript; charset=utf-8 4.1087ms
2025-01-21 21:30:49.249 -03:00  INF  Request finished HTTP/2 GET https://localhost:44339/swagger/index.js - 200 null application/javascript;charset=utf-8 16.7193ms
2025-01-21 21:30:49.282 -03:00  INF  Request finished HTTP/2 GET https://localhost:44339/_vs/browserLink - 200 null text/javascript; charset=UTF-8 49.2141ms
2025-01-21 21:30:49.311 -03:00  INF  Request starting HTTP/2 GET https://localhost:44339/swagger/v1/swagger.json - null null
2025-01-21 21:30:49.387 -03:00  INF  Request finished HTTP/2 GET https://localhost:44339/swagger/v1/swagger.json - 200 null application/json;charset=utf-8 75.3199ms
2025-01-21 21:30:51.902 -03:00  INF  Request starting HTTP/1.1 GET https://localhost:44339/api/Wallet/GetWalletsByCpfUser/207.782.911-99 - application/json 82
2025-01-21 21:30:51.909 -03:00  INF  Executing endpoint 'ApiTesteKognit.Controllers.WalletController.GetWalletsByCpfUserAsync (ApiTesteKognit)'
2025-01-21 21:30:51.923 -03:00  INF  Route matched with {action = "GetWalletsByCpfUser", controller = "Wallet"}. Executing controller action with signature System.Threading.Tasks.Task`1[Microsoft.AspNetCore.Mvc.IActionResult] GetWalletsByCpfUserAsync(System.String) on controller ApiTesteKognit.Controllers.WalletController (ApiTesteKognit).
2025-01-21 21:30:52.356 -03:00  WRN  No store type was specified for the decimal property 'CurrentValue' on entity type 'Wallet'. This will cause values to be silently truncated if they do not fit in the default precision and scale. Explicitly specify the SQL server column type that can accommodate all the values in 'OnModelCreating' using 'HasColumnType', specify precision and scale using 'HasPrecision', or configure a value converter using 'HasConversion'.
2025-01-21 21:30:53.003 -03:00  INF  Executed DbCommand (47ms) [Parameters=[@__cpfUser_0='?' (Size = 450)], CommandType='"Text"', CommandTimeout='30']
SELECT [w].[Id], [w].[Active], [w].[Bank], [w].[CurrentValue], [w].[DateCreated], [w].[DateModified], [w].[UserId], [u].[Id], [u].[Active], [u].[BithDate], [u].[DateCreated], [u].[DateModified], [u].[Name], [u].[NrCpf]
FROM [Wallets] AS [w]
INNER JOIN [Users] AS [u] ON [w].[UserId] = [u].[Id]
WHERE [u].[NrCpf] = @__cpfUser_0
2025-01-21 21:30:53.078 -03:00  INF  Executing OkObjectResult, writing value of type 'System.Collections.Generic.List`1[[ViewModel.Wallet.WalletsUserViewModel, ViewModel, Version=1.0.0.0, Culture=neutral, PublicKeyToken=null]]'.
2025-01-21 21:30:53.099 -03:00  INF  Executed action ApiTesteKognit.Controllers.WalletController.GetWalletsByCpfUserAsync (ApiTesteKognit) in 1173.3168ms
2025-01-21 21:30:53.099 -03:00  INF  Executed endpoint 'ApiTesteKognit.Controllers.WalletController.GetWalletsByCpfUserAsync (ApiTesteKognit)'
2025-01-21 21:30:53.105 -03:00  INF  Request finished HTTP/1.1 GET https://localhost:44339/api/Wallet/GetWalletsByCpfUser/207.782.911-99 - 200 null application/json; charset=utf-8 1203.065ms
2025-01-21 21:30:55.157 -03:00  INF  Request starting HTTP/1.1 GET https://localhost:44339/api/Wallet - application/json 82
2025-01-21 21:30:55.158 -03:00  INF  Executing endpoint 'ApiTesteKognit.Controllers.WalletController.GetAllWallets (ApiTesteKognit)'
2025-01-21 21:30:55.162 -03:00  INF  Route matched with {action = "GetAllWallets", controller = "Wallet"}. Executing controller action with signature System.Threading.Tasks.Task`1[Microsoft.AspNetCore.Mvc.IActionResult] GetAllWallets() on controller ApiTesteKognit.Controllers.WalletController (ApiTesteKognit).
2025-01-21 21:30:55.207 -03:00  INF  Executed DbCommand (5ms) [Parameters=[], CommandType='"Text"', CommandTimeout='30']
SELECT [w].[Id], [w].[Active], [w].[Bank], [w].[CurrentValue], [w].[DateCreated], [w].[DateModified], [w].[UserId], [u].[Id], [u].[Active], [u].[BithDate], [u].[DateCreated], [u].[DateModified], [u].[Name], [u].[NrCpf]
FROM [Wallets] AS [w]
INNER JOIN [Users] AS [u] ON [w].[UserId] = [u].[Id]
2025-01-21 21:30:55.208 -03:00  INF  Executing OkObjectResult, writing value of type 'System.Collections.Generic.List`1[[ViewModel.Wallet.WalletsUserViewModel, ViewModel, Version=1.0.0.0, Culture=neutral, PublicKeyToken=null]]'.
2025-01-21 21:30:55.209 -03:00  INF  Executed action ApiTesteKognit.Controllers.WalletController.GetAllWallets (ApiTesteKognit) in 46.5062ms
2025-01-21 21:30:55.209 -03:00  INF  Executed endpoint 'ApiTesteKognit.Controllers.WalletController.GetAllWallets (ApiTesteKognit)'
2025-01-21 21:30:55.210 -03:00  INF  Request finished HTTP/1.1 GET https://localhost:44339/api/Wallet - 200 null application/json; charset=utf-8 53.0349ms
2025-01-21 21:31:07.206 -03:00  INF  Request starting HTTP/1.1 POST https://localhost:44339/api/Wallet - application/json 64
2025-01-21 21:31:07.206 -03:00  INF  Executing endpoint 'ApiTesteKognit.Controllers.WalletController.CreateWallet (ApiTesteKognit)'
2025-01-21 21:31:07.209 -03:00  INF  Route matched with {action = "CreateWallet", controller = "Wallet"}. Executing controller action with signature System.Threading.Tasks.Task`1[Microsoft.AspNetCore.Mvc.IActionResult] CreateWallet(ViewModel.Wallet.WalletViewModel) on controller ApiTesteKognit.Controllers.WalletController (ApiTesteKognit).
2025-01-21 21:31:07.249 -03:00  INF  Executed DbCommand (4ms) [Parameters=[@__userId_0='?' (DbType = Int32)], CommandType='"Text"', CommandTimeout='30']
SELECT TOP(1) [u].[Id], [u].[Active], [u].[BithDate], [u].[DateCreated], [u].[DateModified], [u].[Name], [u].[NrCpf]
FROM [Users] AS [u]
WHERE [u].[Id] = @__userId_0
2025-01-21 21:31:07.338 -03:00  INF  Executed DbCommand (6ms) [Parameters=[@p0='?' (DbType = Boolean), @p1='?' (Size = 4000), @p2='?' (Precision = 18) (Scale = 2) (DbType = Decimal), @p3='?' (DbType = DateTime2), @p4='?' (DbType = DateTime2), @p5='?' (DbType = Int32)], CommandType='"Text"', CommandTimeout='30']
SET IMPLICIT_TRANSACTIONS OFF;
SET NOCOUNT ON;
INSERT INTO [Wallets] ([Active], [Bank], [CurrentValue], [DateCreated], [DateModified], [UserId])
OUTPUT INSERTED.[Id]
VALUES (@p0, @p1, @p2, @p3, @p4, @p5);
2025-01-21 21:31:07.354 -03:00  INF  Carteira criada com sucesso.
2025-01-21 21:31:07.355 -03:00  INF  Executing OkObjectResult, writing value of type 'ViewModel.Wallet.WalletViewModel'.
2025-01-21 21:31:07.357 -03:00  INF  Executed action ApiTesteKognit.Controllers.WalletController.CreateWallet (ApiTesteKognit) in 147.7045ms
2025-01-21 21:31:07.357 -03:00  INF  Executed endpoint 'ApiTesteKognit.Controllers.WalletController.CreateWallet (ApiTesteKognit)'
2025-01-21 21:31:07.357 -03:00  INF  Request finished HTTP/1.1 POST https://localhost:44339/api/Wallet - 200 null application/json; charset=utf-8 151.7665ms
2025-01-21 21:31:10.096 -03:00  INF  Request starting HTTP/1.1 GET https://localhost:44339/api/Wallet/GetWalletsByCpfUser/207.782.911-99 - application/json 82
2025-01-21 21:31:10.096 -03:00  INF  Executing endpoint 'ApiTesteKognit.Controllers.WalletController.GetWalletsByCpfUserAsync (ApiTesteKognit)'
2025-01-21 21:31:10.097 -03:00  INF  Route matched with {action = "GetWalletsByCpfUser", controller = "Wallet"}. Executing controller action with signature System.Threading.Tasks.Task`1[Microsoft.AspNetCore.Mvc.IActionResult] GetWalletsByCpfUserAsync(System.String) on controller ApiTesteKognit.Controllers.WalletController (ApiTesteKognit).
2025-01-21 21:31:10.105 -03:00  INF  Executed DbCommand (2ms) [Parameters=[@__cpfUser_0='?' (Size = 450)], CommandType='"Text"', CommandTimeout='30']
SELECT [w].[Id], [w].[Active], [w].[Bank], [w].[CurrentValue], [w].[DateCreated], [w].[DateModified], [w].[UserId], [u].[Id], [u].[Active], [u].[BithDate], [u].[DateCreated], [u].[DateModified], [u].[Name], [u].[NrCpf]
FROM [Wallets] AS [w]
INNER JOIN [Users] AS [u] ON [w].[UserId] = [u].[Id]
WHERE [u].[NrCpf] = @__cpfUser_0
2025-01-21 21:31:10.106 -03:00  INF  Executing OkObjectResult, writing value of type 'System.Collections.Generic.List`1[[ViewModel.Wallet.WalletsUserViewModel, ViewModel, Version=1.0.0.0, Culture=neutral, PublicKeyToken=null]]'.
2025-01-21 21:31:10.107 -03:00  INF  Executed action ApiTesteKognit.Controllers.WalletController.GetWalletsByCpfUserAsync (ApiTesteKognit) in 10.1765ms
2025-01-21 21:31:10.107 -03:00  INF  Executed endpoint 'ApiTesteKognit.Controllers.WalletController.GetWalletsByCpfUserAsync (ApiTesteKognit)'
2025-01-21 21:31:10.107 -03:00  INF  Request finished HTTP/1.1 GET https://localhost:44339/api/Wallet/GetWalletsByCpfUser/207.782.911-99 - 200 null application/json; charset=utf-8 11.4209ms
2025-01-21 21:34:08.880 -03:00  INF  Request starting HTTP/2 GET https://localhost:44339/swagger/index.html - null null
2025-01-21 21:34:08.899 -03:00  INF  Application started. Press Ctrl+C to shut down.
2025-01-21 21:34:08.901 -03:00  INF  Hosting environment: Development
2025-01-21 21:34:08.901 -03:00  INF  Content root path: D:\Projetos\TesteKognit\ApiTesteKognit
2025-01-21 21:34:09.060 -03:00  INF  Request finished HTTP/2 GET https://localhost:44339/swagger/index.html - 200 null text/html;charset=utf-8 186.4056ms
2025-01-21 21:34:09.083 -03:00  INF  Request starting HTTP/2 GET https://localhost:44339/swagger/index.js - null null
2025-01-21 21:34:09.083 -03:00  INF  Request starting HTTP/2 GET https://localhost:44339/_framework/aspnetcore-browser-refresh.js - null null
2025-01-21 21:34:09.087 -03:00  INF  Request starting HTTP/2 GET https://localhost:44339/_vs/browserLink - null null
2025-01-21 21:34:09.111 -03:00  INF  Request finished HTTP/2 GET https://localhost:44339/_framework/aspnetcore-browser-refresh.js - 200 13764 application/javascript; charset=utf-8 25.8871ms
2025-01-21 21:34:09.111 -03:00  INF  Request finished HTTP/2 GET https://localhost:44339/swagger/index.js - 200 null application/javascript;charset=utf-8 30.5654ms
2025-01-21 21:34:09.136 -03:00  INF  Request finished HTTP/2 GET https://localhost:44339/_vs/browserLink - 200 null text/javascript; charset=UTF-8 48.8311ms
2025-01-21 21:34:09.170 -03:00  INF  Request starting HTTP/2 GET https://localhost:44339/swagger/v1/swagger.json - null null
2025-01-21 21:34:09.284 -03:00  INF  Request finished HTTP/2 GET https://localhost:44339/swagger/v1/swagger.json - 200 null application/json;charset=utf-8 114.2103ms
2025-01-21 21:34:13.362 -03:00  INF  Request starting HTTP/1.1 GET https://localhost:44339/api/Wallet - application/json 82
2025-01-21 21:34:13.375 -03:00  INF  Executing endpoint 'ApiTesteKognit.Controllers.WalletController.GetAllWallets (ApiTesteKognit)'
2025-01-21 21:34:13.395 -03:00  INF  Route matched with {action = "GetAllWallets", controller = "Wallet"}. Executing controller action with signature System.Threading.Tasks.Task`1[Microsoft.AspNetCore.Mvc.IActionResult] GetAllWallets() on controller ApiTesteKognit.Controllers.WalletController (ApiTesteKognit).
2025-01-21 21:34:13.791 -03:00  WRN  No store type was specified for the decimal property 'CurrentValue' on entity type 'Wallet'. This will cause values to be silently truncated if they do not fit in the default precision and scale. Explicitly specify the SQL server column type that can accommodate all the values in 'OnModelCreating' using 'HasColumnType', specify precision and scale using 'HasPrecision', or configure a value converter using 'HasConversion'.
2025-01-21 21:34:14.392 -03:00  INF  Executed DbCommand (48ms) [Parameters=[], CommandType='"Text"', CommandTimeout='30']
SELECT [w].[Id], [w].[Active], [w].[Bank], [w].[CurrentValue], [w].[DateCreated], [w].[DateModified], [w].[UserId], [u].[Id], [u].[Active], [u].[BithDate], [u].[DateCreated], [u].[DateModified], [u].[Name], [u].[NrCpf]
FROM [Wallets] AS [w]
INNER JOIN [Users] AS [u] ON [w].[UserId] = [u].[Id]
2025-01-21 21:34:14.491 -03:00  INF  Executing OkObjectResult, writing value of type 'System.Collections.Generic.List`1[[ViewModel.Wallet.WalletsUserViewModel, ViewModel, Version=1.0.0.0, Culture=neutral, PublicKeyToken=null]]'.
2025-01-21 21:34:14.515 -03:00  INF  Executed action ApiTesteKognit.Controllers.WalletController.GetAllWallets (ApiTesteKognit) in 1114.2764ms
2025-01-21 21:34:14.515 -03:00  INF  Executed endpoint 'ApiTesteKognit.Controllers.WalletController.GetAllWallets (ApiTesteKognit)'
2025-01-21 21:34:14.524 -03:00  INF  Request finished HTTP/1.1 GET https://localhost:44339/api/Wallet - 200 null application/json; charset=utf-8 1161.4479ms
2025-01-21 22:02:27.119 -03:00  INF  Request starting HTTP/2 GET https://localhost:44339/swagger/index.html - null null
2025-01-21 22:02:27.138 -03:00  INF  Application started. Press Ctrl+C to shut down.
2025-01-21 22:02:27.144 -03:00  INF  Hosting environment: Development
2025-01-21 22:02:27.144 -03:00  INF  Content root path: D:\Projetos\TesteKognit\ApiTesteKognit
2025-01-21 22:02:27.301 -03:00  INF  Request starting HTTP/2 GET https://localhost:44339/_framework/aspnetcore-browser-refresh.js - null null
2025-01-21 22:02:27.301 -03:00  INF  Request starting HTTP/2 GET https://localhost:44339/swagger/index.js - null null
2025-01-21 22:02:27.301 -03:00  INF  Request starting HTTP/2 GET https://localhost:44339/_vs/browserLink - null null
2025-01-21 22:02:27.301 -03:00  INF  Request finished HTTP/2 GET https://localhost:44339/swagger/index.html - 200 null text/html;charset=utf-8 187.1034ms
2025-01-21 22:02:27.308 -03:00  INF  Request finished HTTP/2 GET https://localhost:44339/_framework/aspnetcore-browser-refresh.js - 200 13764 application/javascript; charset=utf-8 4.365ms
2025-01-21 22:02:27.310 -03:00  INF  Request finished HTTP/2 GET https://localhost:44339/swagger/index.js - 200 null application/javascript;charset=utf-8 9.8473ms
2025-01-21 22:02:27.340 -03:00  INF  Request finished HTTP/2 GET https://localhost:44339/_vs/browserLink - 200 null text/javascript; charset=UTF-8 39.0721ms
2025-01-21 22:02:27.378 -03:00  INF  Request starting HTTP/2 GET https://localhost:44339/swagger/v1/swagger.json - null null
2025-01-21 22:02:27.513 -03:00  INF  Request finished HTTP/2 GET https://localhost:44339/swagger/v1/swagger.json - 200 null application/json;charset=utf-8 134.7312ms
2025-01-21 22:02:32.909 -03:00  INF  Request starting HTTP/1.1 GET https://localhost:44339/api/Wallet - application/json 82
2025-01-21 22:02:32.917 -03:00  INF  Executing endpoint 'ApiTesteKognit.Controllers.WalletController.GetAllWallets (ApiTesteKognit)'
2025-01-21 22:02:32.935 -03:00  INF  Route matched with {action = "GetAllWallets", controller = "Wallet"}. Executing controller action with signature System.Threading.Tasks.Task`1[Microsoft.AspNetCore.Mvc.IActionResult] GetAllWallets() on controller ApiTesteKognit.Controllers.WalletController (ApiTesteKognit).
2025-01-21 22:02:33.829 -03:00  WRN  No store type was specified for the decimal property 'CurrentValue' on entity type 'Wallet'. This will cause values to be silently truncated if they do not fit in the default precision and scale. Explicitly specify the SQL server column type that can accommodate all the values in 'OnModelCreating' using 'HasColumnType', specify precision and scale using 'HasPrecision', or configure a value converter using 'HasConversion'.
2025-01-21 22:02:35.805 -03:00  INF  Executed DbCommand (55ms) [Parameters=[], CommandType='"Text"', CommandTimeout='30']
SELECT [w].[Id], [w].[Active], [w].[Bank], [w].[CurrentValue], [w].[DateCreated], [w].[DateModified], [w].[UserId], [u].[Id], [u].[Active], [u].[BithDate], [u].[DateCreated], [u].[DateModified], [u].[Name], [u].[NrCpf]
FROM [Wallets] AS [w]
INNER JOIN [Users] AS [u] ON [w].[UserId] = [u].[Id]
2025-01-21 22:02:35.894 -03:00  INF  Executing OkObjectResult, writing value of type 'System.Collections.Generic.List`1[[ViewModel.Wallet.WalletsUserViewModel, ViewModel, Version=1.0.0.0, Culture=neutral, PublicKeyToken=null]]'.
2025-01-21 22:02:35.913 -03:00  INF  Executed action ApiTesteKognit.Controllers.WalletController.GetAllWallets (ApiTesteKognit) in 2975.5796ms
2025-01-21 22:02:35.914 -03:00  INF  Executed endpoint 'ApiTesteKognit.Controllers.WalletController.GetAllWallets (ApiTesteKognit)'
2025-01-21 22:02:35.920 -03:00  INF  Request finished HTTP/1.1 GET https://localhost:44339/api/Wallet - 200 null application/json; charset=utf-8 3010.6839ms
2025-01-21 22:10:23.528 -03:00  WRN  No store type was specified for the decimal property 'CurrentValue' on entity type 'Wallet'. This will cause values to be silently truncated if they do not fit in the default precision and scale. Explicitly specify the SQL server column type that can accommodate all the values in 'OnModelCreating' using 'HasColumnType', specify precision and scale using 'HasPrecision', or configure a value converter using 'HasConversion'.
2025-01-21 22:10:28.094 -03:00  WRN  No store type was specified for the decimal property 'CurrentValue' on entity type 'Wallet'. This will cause values to be silently truncated if they do not fit in the default precision and scale. Explicitly specify the SQL server column type that can accommodate all the values in 'OnModelCreating' using 'HasColumnType', specify precision and scale using 'HasPrecision', or configure a value converter using 'HasConversion'.
2025-01-21 22:10:28.169 -03:00  WRN  No store type was specified for the decimal property 'CurrentValue' on entity type 'Wallet'. This will cause values to be silently truncated if they do not fit in the default precision and scale. Explicitly specify the SQL server column type that can accommodate all the values in 'OnModelCreating' using 'HasColumnType', specify precision and scale using 'HasPrecision', or configure a value converter using 'HasConversion'.
2025-01-21 22:10:37.288 -03:00  WRN  No store type was specified for the decimal property 'CurrentValue' on entity type 'Wallet'. This will cause values to be silently truncated if they do not fit in the default precision and scale. Explicitly specify the SQL server column type that can accommodate all the values in 'OnModelCreating' using 'HasColumnType', specify precision and scale using 'HasPrecision', or configure a value converter using 'HasConversion'.
2025-01-21 22:10:37.572 -03:00  INF  Executed DbCommand (10ms) [Parameters=[], CommandType='"Text"', CommandTimeout='30']
SELECT 1
2025-01-21 22:10:37.587 -03:00  INF  Executed DbCommand (9ms) [Parameters=[], CommandType='"Text"', CommandTimeout='30']
SELECT OBJECT_ID(N'[__EFMigrationsHistory]');
2025-01-21 22:10:37.589 -03:00  INF  Executed DbCommand (1ms) [Parameters=[], CommandType='"Text"', CommandTimeout='30']
SELECT 1
2025-01-21 22:10:37.591 -03:00  INF  Executed DbCommand (1ms) [Parameters=[], CommandType='"Text"', CommandTimeout='30']
SELECT OBJECT_ID(N'[__EFMigrationsHistory]');
2025-01-21 22:10:37.611 -03:00  INF  Executed DbCommand (11ms) [Parameters=[], CommandType='"Text"', CommandTimeout='30']
SELECT [MigrationId], [ProductVersion]
FROM [__EFMigrationsHistory]
ORDER BY [MigrationId];
2025-01-21 22:10:37.620 -03:00  INF  Applying migration '20250122011029_Alter_User_BirthDate'.
2025-01-21 22:10:38.041 -03:00  INF  Executed DbCommand (400ms) [Parameters=[], CommandType='"Text"', CommandTimeout='30']
EXEC sp_rename N'[Users].[BithDate]', N'BirthDate', N'COLUMN';
2025-01-21 22:10:38.045 -03:00  INF  Executed DbCommand (3ms) [Parameters=[], CommandType='"Text"', CommandTimeout='30']
INSERT INTO [__EFMigrationsHistory] ([MigrationId], [ProductVersion])
VALUES (N'20250122011029_Alter_User_BirthDate', N'8.0.0');
2025-01-21 22:10:53.037 -03:00  INF  Request starting HTTP/2 GET https://localhost:44339/swagger/index.html - null null
2025-01-21 22:10:53.061 -03:00  INF  Application started. Press Ctrl+C to shut down.
2025-01-21 22:10:53.064 -03:00  INF  Hosting environment: Development
2025-01-21 22:10:53.064 -03:00  INF  Content root path: D:\Projetos\TesteKognit\ApiTesteKognit
2025-01-21 22:10:53.234 -03:00  INF  Request finished HTTP/2 GET https://localhost:44339/swagger/index.html - 200 null text/html;charset=utf-8 202.1564ms
2025-01-21 22:10:53.240 -03:00  INF  Request starting HTTP/2 GET https://localhost:44339/_framework/aspnetcore-browser-refresh.js - null null
2025-01-21 22:10:53.240 -03:00  INF  Request starting HTTP/2 GET https://localhost:44339/swagger/index.js - null null
2025-01-21 22:10:53.245 -03:00  INF  Request starting HTTP/2 GET https://localhost:44339/_vs/browserLink - null null
2025-01-21 22:10:53.314 -03:00  INF  Request finished HTTP/2 GET https://localhost:44339/swagger/index.js - 200 null application/javascript;charset=utf-8 73.8038ms
2025-01-21 22:10:53.317 -03:00  INF  Request finished HTTP/2 GET https://localhost:44339/_framework/aspnetcore-browser-refresh.js - 200 13764 application/javascript; charset=utf-8 74.7877ms
2025-01-21 22:10:53.346 -03:00  INF  Request finished HTTP/2 GET https://localhost:44339/_vs/browserLink - 200 null text/javascript; charset=UTF-8 101.2358ms
2025-01-21 22:10:53.377 -03:00  INF  Request starting HTTP/2 GET https://localhost:44339/swagger/v1/swagger.json - null null
2025-01-21 22:10:53.473 -03:00  INF  Request finished HTTP/2 GET https://localhost:44339/swagger/v1/swagger.json - 200 null application/json;charset=utf-8 95.5085ms
2025-01-21 22:11:09.599 -03:00  INF  Request starting HTTP/1.1 POST https://localhost:44339/api/User - application/json 83
2025-01-21 22:11:09.605 -03:00  INF  Executing endpoint 'ApiTesteKognit.Controllers.UserController.CreateUser (ApiTesteKognit)'
2025-01-21 22:11:09.623 -03:00  INF  Route matched with {action = "CreateUser", controller = "User"}. Executing controller action with signature System.Threading.Tasks.Task`1[Microsoft.AspNetCore.Mvc.IActionResult] CreateUser(ViewModel.User.UserViewModel) on controller ApiTesteKognit.Controllers.UserController (ApiTesteKognit).
2025-01-21 22:11:09.753 -03:00  INF  Executing BadRequestObjectResult, writing value of type 'Microsoft.AspNetCore.Mvc.ValidationProblemDetails'.
2025-01-21 22:11:09.775 -03:00  INF  Executed action ApiTesteKognit.Controllers.UserController.CreateUser (ApiTesteKognit) in 149.4169ms
2025-01-21 22:11:09.775 -03:00  INF  Executed endpoint 'ApiTesteKognit.Controllers.UserController.CreateUser (ApiTesteKognit)'
2025-01-21 22:11:09.777 -03:00  INF  Request finished HTTP/1.1 POST https://localhost:44339/api/User - 400 null application/problem+json; charset=utf-8 177.9852ms
2025-01-21 22:36:27.411 -03:00  INF  Request starting HTTP/2 GET https://localhost:44339/swagger/index.html - null null
2025-01-21 22:36:27.427 -03:00  INF  Application started. Press Ctrl+C to shut down.
2025-01-21 22:36:27.431 -03:00  INF  Hosting environment: Development
2025-01-21 22:36:27.431 -03:00  INF  Content root path: D:\Projetos\TesteKognit\ApiTesteKognit
2025-01-21 22:36:28.110 -03:00  INF  Request starting HTTP/2 GET https://localhost:44339/_vs/browserLink - null null
2025-01-21 22:36:28.110 -03:00  INF  Request starting HTTP/2 GET https://localhost:44339/_framework/aspnetcore-browser-refresh.js - null null
2025-01-21 22:36:28.110 -03:00  INF  Request finished HTTP/2 GET https://localhost:44339/swagger/index.html - 200 null text/html;charset=utf-8 706.3449ms
2025-01-21 22:36:28.112 -03:00  INF  Request starting HTTP/2 GET https://localhost:44339/swagger/index.js - null null
2025-01-21 22:36:28.119 -03:00  INF  Request finished HTTP/2 GET https://localhost:44339/_framework/aspnetcore-browser-refresh.js - 200 13764 application/javascript; charset=utf-8 9.2732ms
2025-01-21 22:36:28.129 -03:00  INF  Request finished HTTP/2 GET https://localhost:44339/swagger/index.js - 200 null application/javascript;charset=utf-8 17.7677ms
2025-01-21 22:36:28.161 -03:00  INF  Request finished HTTP/2 GET https://localhost:44339/_vs/browserLink - 200 null text/javascript; charset=UTF-8 51.3509ms
2025-01-21 22:36:28.250 -03:00  INF  Request starting HTTP/2 GET https://localhost:44339/swagger/v1/swagger.json - null null
2025-01-21 22:36:28.335 -03:00  INF  Request finished HTTP/2 GET https://localhost:44339/swagger/v1/swagger.json - 200 null application/json;charset=utf-8 84.7807ms
2025-01-21 22:37:26.033 -03:00  INF  Request starting HTTP/1.1 POST https://localhost:44339/api/User - application/json 83
2025-01-21 22:37:26.045 -03:00  INF  Executing endpoint 'ApiTesteKognit.Controllers.UserController.CreateUser (ApiTesteKognit)'
2025-01-21 22:37:26.060 -03:00  INF  Route matched with {action = "CreateUser", controller = "User"}. Executing controller action with signature System.Threading.Tasks.Task`1[Microsoft.AspNetCore.Mvc.IActionResult] CreateUser(ViewModel.User.UserViewModel) on controller ApiTesteKognit.Controllers.UserController (ApiTesteKognit).
2025-01-21 22:37:26.901 -03:00  INF  Executing BadRequestObjectResult, writing value of type 'Microsoft.AspNetCore.Mvc.ValidationProblemDetails'.
2025-01-21 22:37:26.920 -03:00  INF  Executed action ApiTesteKognit.Controllers.UserController.CreateUser (ApiTesteKognit) in 857.5395ms
2025-01-21 22:37:26.920 -03:00  INF  Executed endpoint 'ApiTesteKognit.Controllers.UserController.CreateUser (ApiTesteKognit)'
2025-01-21 22:37:26.921 -03:00  INF  Request finished HTTP/1.1 POST https://localhost:44339/api/User - 400 null application/problem+json; charset=utf-8 888.5743ms
2025-01-21 22:37:33.118 -03:00  INF  Request starting HTTP/1.1 POST https://localhost:44339/api/User - application/json 83
2025-01-21 22:37:33.119 -03:00  INF  Executing endpoint 'ApiTesteKognit.Controllers.UserController.CreateUser (ApiTesteKognit)'
2025-01-21 22:37:33.119 -03:00  INF  Route matched with {action = "CreateUser", controller = "User"}. Executing controller action with signature System.Threading.Tasks.Task`1[Microsoft.AspNetCore.Mvc.IActionResult] CreateUser(ViewModel.User.UserViewModel) on controller ApiTesteKognit.Controllers.UserController (ApiTesteKognit).
2025-01-21 22:37:33.421 -03:00  WRN  No store type was specified for the decimal property 'CurrentValue' on entity type 'Wallet'. This will cause values to be silently truncated if they do not fit in the default precision and scale. Explicitly specify the SQL server column type that can accommodate all the values in 'OnModelCreating' using 'HasColumnType', specify precision and scale using 'HasPrecision', or configure a value converter using 'HasConversion'.
2025-01-21 22:37:35.071 -03:00  INF  Executed DbCommand (146ms) [Parameters=[@p0='?' (DbType = Boolean), @p1='?' (DbType = DateTime2), @p2='?' (DbType = DateTime2), @p3='?' (DbType = DateTime2), @p4='?' (Size = 4000), @p5='?' (Size = 450)], CommandType='"Text"', CommandTimeout='30']
SET IMPLICIT_TRANSACTIONS OFF;
SET NOCOUNT ON;
INSERT INTO [Users] ([Active], [BirthDate], [DateCreated], [DateModified], [Name], [NrCpf])
OUTPUT INSERTED.[Id]
VALUES (@p0, @p1, @p2, @p3, @p4, @p5);
2025-01-21 22:37:35.101 -03:00  ERR  An exception occurred in the database while saving changes for context type 'Domain.Context.MyContext'.
Microsoft.EntityFrameworkCore.DbUpdateException: An error occurred while saving the entity changes. See the inner exception for details.
 ---> Microsoft.Data.SqlClient.SqlException (0x80131904): No  possvel inserir uma linha de chave duplicada no objeto 'dbo.Users' com ndice exclusivo 'IX_Users_NrCpf'. O valor de chave duplicada  (207.782.911-99).
   at Microsoft.Data.SqlClient.SqlConnection.OnError(SqlException exception, Boolean breakConnection, Action`1 wrapCloseInAction)
   at Microsoft.Data.SqlClient.SqlInternalConnection.OnError(SqlException exception, Boolean breakConnection, Action`1 wrapCloseInAction)
   at Microsoft.Data.SqlClient.TdsParser.ThrowExceptionAndWarning(TdsParserStateObject stateObj, Boolean callerHasConnectionLock, Boolean asyncClose)
   at Microsoft.Data.SqlClient.TdsParser.TryRun(RunBehavior runBehavior, SqlCommand cmdHandler, SqlDataReader dataStream, BulkCopySimpleResultSet bulkCopyHandler, TdsParserStateObject stateObj, Boolean& dataReady)
   at Microsoft.Data.SqlClient.SqlDataReader.TryHasMoreRows(Boolean& moreRows)
   at Microsoft.Data.SqlClient.SqlDataReader.TryReadInternal(Boolean setTimeout, Boolean& more)
   at Microsoft.Data.SqlClient.SqlDataReader.ReadAsyncExecute(Task task, Object state)
   at Microsoft.Data.SqlClient.SqlDataReader.InvokeAsyncCall[T](SqlDataReaderBaseAsyncCallContext`1 context)
--- End of stack trace from previous location ---
   at Microsoft.EntityFrameworkCore.Update.AffectedCountModificationCommandBatch.ConsumeResultSetAsync(Int32 startCommandIndex, RelationalDataReader reader, CancellationToken cancellationToken)
ClientConnectionId:21ea3af7-03e1-4fdc-ae22-73e1be23b311
Error Number:2601,State:1,Class:14
   --- End of inner exception stack trace ---
   at Microsoft.EntityFrameworkCore.Update.AffectedCountModificationCommandBatch.ConsumeResultSetAsync(Int32 startCommandIndex, RelationalDataReader reader, CancellationToken cancellationToken)
   at Microsoft.EntityFrameworkCore.Update.AffectedCountModificationCommandBatch.ConsumeAsync(RelationalDataReader reader, CancellationToken cancellationToken)
   at Microsoft.EntityFrameworkCore.Update.ReaderModificationCommandBatch.ExecuteAsync(IRelationalConnection connection, CancellationToken cancellationToken)
   at Microsoft.EntityFrameworkCore.Update.ReaderModificationCommandBatch.ExecuteAsync(IRelationalConnection connection, CancellationToken cancellationToken)
   at Microsoft.EntityFrameworkCore.SqlServer.Update.Internal.SqlServerModificationCommandBatch.ExecuteAsync(IRelationalConnection connection, CancellationToken cancellationToken)
   at Microsoft.EntityFrameworkCore.Update.Internal.BatchExecutor.ExecuteAsync(IEnumerable`1 commandBatches, IRelationalConnection connection, CancellationToken cancellationToken)
   at Microsoft.EntityFrameworkCore.Update.Internal.BatchExecutor.ExecuteAsync(IEnumerable`1 commandBatches, IRelationalConnection connection, CancellationToken cancellationToken)
   at Microsoft.EntityFrameworkCore.Update.Internal.BatchExecutor.ExecuteAsync(IEnumerable`1 commandBatches, IRelationalConnection connection, CancellationToken cancellationToken)
   at Microsoft.EntityFrameworkCore.ChangeTracking.Internal.StateManager.SaveChangesAsync(IList`1 entriesToSave, CancellationToken cancellationToken)
   at Microsoft.EntityFrameworkCore.ChangeTracking.Internal.StateManager.SaveChangesAsync(StateManager stateManager, Boolean acceptAllChangesOnSuccess, CancellationToken cancellationToken)
   at Microsoft.EntityFrameworkCore.SqlServer.Storage.Internal.SqlServerExecutionStrategy.ExecuteAsync[TState,TResult](TState state, Func`4 operation, Func`4 verifySucceeded, CancellationToken cancellationToken)
   at Microsoft.EntityFrameworkCore.DbContext.SaveChangesAsync(Boolean acceptAllChangesOnSuccess, CancellationToken cancellationToken)Microsoft.EntityFrameworkCore.DbUpdateException: An error occurred while saving the entity changes. See the inner exception for details.
 ---> Microsoft.Data.SqlClient.SqlException (0x80131904): No  possvel inserir uma linha de chave duplicada no objeto 'dbo.Users' com ndice exclusivo 'IX_Users_NrCpf'. O valor de chave duplicada  (207.782.911-99).
   at Microsoft.Data.SqlClient.SqlConnection.OnError(SqlException exception, Boolean breakConnection, Action`1 wrapCloseInAction)
   at Microsoft.Data.SqlClient.SqlInternalConnection.OnError(SqlException exception, Boolean breakConnection, Action`1 wrapCloseInAction)
   at Microsoft.Data.SqlClient.TdsParser.ThrowExceptionAndWarning(TdsParserStateObject stateObj, Boolean callerHasConnectionLock, Boolean asyncClose)
   at Microsoft.Data.SqlClient.TdsParser.TryRun(RunBehavior runBehavior, SqlCommand cmdHandler, SqlDataReader dataStream, BulkCopySimpleResultSet bulkCopyHandler, TdsParserStateObject stateObj, Boolean& dataReady)
   at Microsoft.Data.SqlClient.SqlDataReader.TryHasMoreRows(Boolean& moreRows)
   at Microsoft.Data.SqlClient.SqlDataReader.TryReadInternal(Boolean setTimeout, Boolean& more)
   at Microsoft.Data.SqlClient.SqlDataReader.ReadAsyncExecute(Task task, Object state)
   at Microsoft.Data.SqlClient.SqlDataReader.InvokeAsyncCall[T](SqlDataReaderBaseAsyncCallContext`1 context)
--- End of stack trace from previous location ---
   at Microsoft.EntityFrameworkCore.Update.AffectedCountModificationCommandBatch.ConsumeResultSetAsync(Int32 startCommandIndex, RelationalDataReader reader, CancellationToken cancellationToken)
ClientConnectionId:21ea3af7-03e1-4fdc-ae22-73e1be23b311
Error Number:2601,State:1,Class:14
   --- End of inner exception stack trace ---
   at Microsoft.EntityFrameworkCore.Update.AffectedCountModificationCommandBatch.ConsumeResultSetAsync(Int32 startCommandIndex, RelationalDataReader reader, CancellationToken cancellationToken)
   at Microsoft.EntityFrameworkCore.Update.AffectedCountModificationCommandBatch.ConsumeAsync(RelationalDataReader reader, CancellationToken cancellationToken)
   at Microsoft.EntityFrameworkCore.Update.ReaderModificationCommandBatch.ExecuteAsync(IRelationalConnection connection, CancellationToken cancellationToken)
   at Microsoft.EntityFrameworkCore.Update.ReaderModificationCommandBatch.ExecuteAsync(IRelationalConnection connection, CancellationToken cancellationToken)
   at Microsoft.EntityFrameworkCore.SqlServer.Update.Internal.SqlServerModificationCommandBatch.ExecuteAsync(IRelationalConnection connection, CancellationToken cancellationToken)
   at Microsoft.EntityFrameworkCore.Update.Internal.BatchExecutor.ExecuteAsync(IEnumerable`1 commandBatches, IRelationalConnection connection, CancellationToken cancellationToken)
   at Microsoft.EntityFrameworkCore.Update.Internal.BatchExecutor.ExecuteAsync(IEnumerable`1 commandBatches, IRelationalConnection connection, CancellationToken cancellationToken)
   at Microsoft.EntityFrameworkCore.Update.Internal.BatchExecutor.ExecuteAsync(IEnumerable`1 commandBatches, IRelationalConnection connection, CancellationToken cancellationToken)
   at Microsoft.EntityFrameworkCore.ChangeTracking.Internal.StateManager.SaveChangesAsync(IList`1 entriesToSave, CancellationToken cancellationToken)
   at Microsoft.EntityFrameworkCore.ChangeTracking.Internal.StateManager.SaveChangesAsync(StateManager stateManager, Boolean acceptAllChangesOnSuccess, CancellationToken cancellationToken)
   at Microsoft.EntityFrameworkCore.SqlServer.Storage.Internal.SqlServerExecutionStrategy.ExecuteAsync[TState,TResult](TState state, Func`4 operation, Func`4 verifySucceeded, CancellationToken cancellationToken)
   at Microsoft.EntityFrameworkCore.DbContext.SaveChangesAsync(Boolean acceptAllChangesOnSuccess, CancellationToken cancellationToken)

2025-01-21 22:37:35.180 -03:00  ERR  Falha ao criar um novo usurio.Microsoft.EntityFrameworkCore.DbUpdateException: An error occurred while saving the entity changes. See the inner exception for details.
 ---> Microsoft.Data.SqlClient.SqlException (0x80131904): No  possvel inserir uma linha de chave duplicada no objeto 'dbo.Users' com ndice exclusivo 'IX_Users_NrCpf'. O valor de chave duplicada  (207.782.911-99).
   at Microsoft.Data.SqlClient.SqlConnection.OnError(SqlException exception, Boolean breakConnection, Action`1 wrapCloseInAction)
   at Microsoft.Data.SqlClient.SqlInternalConnection.OnError(SqlException exception, Boolean breakConnection, Action`1 wrapCloseInAction)
   at Microsoft.Data.SqlClient.TdsParser.ThrowExceptionAndWarning(TdsParserStateObject stateObj, Boolean callerHasConnectionLock, Boolean asyncClose)
   at Microsoft.Data.SqlClient.TdsParser.TryRun(RunBehavior runBehavior, SqlCommand cmdHandler, SqlDataReader dataStream, BulkCopySimpleResultSet bulkCopyHandler, TdsParserStateObject stateObj, Boolean& dataReady)
   at Microsoft.Data.SqlClient.SqlDataReader.TryHasMoreRows(Boolean& moreRows)
   at Microsoft.Data.SqlClient.SqlDataReader.TryReadInternal(Boolean setTimeout, Boolean& more)
   at Microsoft.Data.SqlClient.SqlDataReader.ReadAsyncExecute(Task task, Object state)
   at Microsoft.Data.SqlClient.SqlDataReader.InvokeAsyncCall[T](SqlDataReaderBaseAsyncCallContext`1 context)
--- End of stack trace from previous location ---
   at Microsoft.EntityFrameworkCore.Update.AffectedCountModificationCommandBatch.ConsumeResultSetAsync(Int32 startCommandIndex, RelationalDataReader reader, CancellationToken cancellationToken)
ClientConnectionId:21ea3af7-03e1-4fdc-ae22-73e1be23b311
Error Number:2601,State:1,Class:14
   --- End of inner exception stack trace ---
   at Microsoft.EntityFrameworkCore.Update.AffectedCountModificationCommandBatch.ConsumeResultSetAsync(Int32 startCommandIndex, RelationalDataReader reader, CancellationToken cancellationToken)
   at Microsoft.EntityFrameworkCore.Update.AffectedCountModificationCommandBatch.ConsumeAsync(RelationalDataReader reader, CancellationToken cancellationToken)
   at Microsoft.EntityFrameworkCore.Update.ReaderModificationCommandBatch.ExecuteAsync(IRelationalConnection connection, CancellationToken cancellationToken)
   at Microsoft.EntityFrameworkCore.Update.ReaderModificationCommandBatch.ExecuteAsync(IRelationalConnection connection, CancellationToken cancellationToken)
   at Microsoft.EntityFrameworkCore.SqlServer.Update.Internal.SqlServerModificationCommandBatch.ExecuteAsync(IRelationalConnection connection, CancellationToken cancellationToken)
   at Microsoft.EntityFrameworkCore.Update.Internal.BatchExecutor.ExecuteAsync(IEnumerable`1 commandBatches, IRelationalConnection connection, CancellationToken cancellationToken)
   at Microsoft.EntityFrameworkCore.Update.Internal.BatchExecutor.ExecuteAsync(IEnumerable`1 commandBatches, IRelationalConnection connection, CancellationToken cancellationToken)
   at Microsoft.EntityFrameworkCore.Update.Internal.BatchExecutor.ExecuteAsync(IEnumerable`1 commandBatches, IRelationalConnection connection, CancellationToken cancellationToken)
   at Microsoft.EntityFrameworkCore.ChangeTracking.Internal.StateManager.SaveChangesAsync(IList`1 entriesToSave, CancellationToken cancellationToken)
   at Microsoft.EntityFrameworkCore.ChangeTracking.Internal.StateManager.SaveChangesAsync(StateManager stateManager, Boolean acceptAllChangesOnSuccess, CancellationToken cancellationToken)
   at Microsoft.EntityFrameworkCore.SqlServer.Storage.Internal.SqlServerExecutionStrategy.ExecuteAsync[TState,TResult](TState state, Func`4 operation, Func`4 verifySucceeded, CancellationToken cancellationToken)
   at Microsoft.EntityFrameworkCore.DbContext.SaveChangesAsync(Boolean acceptAllChangesOnSuccess, CancellationToken cancellationToken)
   at Microsoft.EntityFrameworkCore.DbContext.SaveChangesAsync(Boolean acceptAllChangesOnSuccess, CancellationToken cancellationToken)
   at Repository.Repositories.UserRepository.CreateUserAsync(User user) in D:\Projetos\TesteKognit\Repository\Repositories\UserRepository.cs:line 19
   at Service.Services.UserService.CreateUserAsync(UserViewModel model) in D:\Projetos\TesteKognit\Service\Services\UserService.cs:line 26

2025-01-21 22:37:35.198 -03:00  INF  Executing BadRequestObjectResult, writing value of type 'System.Collections.Generic.List`1[[FluentResults.IError, FluentResults, Version=3.16.0.0, Culture=neutral, PublicKeyToken=null]]'.
2025-01-21 22:37:35.200 -03:00  INF  Executed action ApiTesteKognit.Controllers.UserController.CreateUser (ApiTesteKognit) in 2080.3044ms
2025-01-21 22:37:35.200 -03:00  INF  Executed endpoint 'ApiTesteKognit.Controllers.UserController.CreateUser (ApiTesteKognit)'
2025-01-21 22:37:35.204 -03:00  INF  Request finished HTTP/1.1 POST https://localhost:44339/api/User - 400 null application/json; charset=utf-8 2086.1796ms
2025-01-21 22:39:23.748 -03:00  INF  Request starting HTTP/2 GET https://localhost:44339/swagger/index.html - null null
2025-01-21 22:39:23.773 -03:00  INF  Application started. Press Ctrl+C to shut down.
2025-01-21 22:39:23.776 -03:00  INF  Hosting environment: Development
2025-01-21 22:39:23.776 -03:00  INF  Content root path: D:\Projetos\TesteKognit\ApiTesteKognit
2025-01-21 22:39:23.950 -03:00  INF  Request starting HTTP/2 GET https://localhost:44339/_framework/aspnetcore-browser-refresh.js - null null
2025-01-21 22:39:23.950 -03:00  INF  Request starting HTTP/2 GET https://localhost:44339/swagger/index.js - null null
2025-01-21 22:39:23.951 -03:00  INF  Request finished HTTP/2 GET https://localhost:44339/swagger/index.html - 200 null text/html;charset=utf-8 200.5963ms
2025-01-21 22:39:23.951 -03:00  INF  Request starting HTTP/2 GET https://localhost:44339/_vs/browserLink - null null
2025-01-21 22:39:23.965 -03:00  INF  Request finished HTTP/2 GET https://localhost:44339/_framework/aspnetcore-browser-refresh.js - 200 13764 application/javascript; charset=utf-8 17.5134ms
2025-01-21 22:39:23.970 -03:00  INF  Request finished HTTP/2 GET https://localhost:44339/swagger/index.js - 200 null application/javascript;charset=utf-8 23.4712ms
2025-01-21 22:39:23.995 -03:00  INF  Request finished HTTP/2 GET https://localhost:44339/_vs/browserLink - 200 null text/javascript; charset=UTF-8 45.571ms
2025-01-21 22:39:24.086 -03:00  INF  Request starting HTTP/2 GET https://localhost:44339/swagger/v1/swagger.json - null null
2025-01-21 22:39:24.169 -03:00  INF  Request finished HTTP/2 GET https://localhost:44339/swagger/v1/swagger.json - 200 null application/json;charset=utf-8 82.2595ms
2025-01-21 22:39:25.221 -03:00  INF  Request starting HTTP/1.1 POST https://localhost:44339/api/User - application/json 83
2025-01-21 22:39:25.227 -03:00  INF  Executing endpoint 'ApiTesteKognit.Controllers.UserController.CreateUser (ApiTesteKognit)'
2025-01-21 22:39:25.240 -03:00  INF  Route matched with {action = "CreateUser", controller = "User"}. Executing controller action with signature System.Threading.Tasks.Task`1[Microsoft.AspNetCore.Mvc.IActionResult] CreateUser(ViewModel.User.UserViewModel) on controller ApiTesteKognit.Controllers.UserController (ApiTesteKognit).
2025-01-21 22:39:25.677 -03:00  WRN  No store type was specified for the decimal property 'CurrentValue' on entity type 'Wallet'. This will cause values to be silently truncated if they do not fit in the default precision and scale. Explicitly specify the SQL server column type that can accommodate all the values in 'OnModelCreating' using 'HasColumnType', specify precision and scale using 'HasPrecision', or configure a value converter using 'HasConversion'.
2025-01-21 22:39:26.315 -03:00  INF  Executed DbCommand (46ms) [Parameters=[@__nrCpf_0='?' (Size = 450)], CommandType='"Text"', CommandTimeout='30']
SELECT TOP(1) [u].[Id], [u].[Active], [u].[BirthDate], [u].[DateCreated], [u].[DateModified], [u].[Name], [u].[NrCpf]
FROM [Users] AS [u]
WHERE [u].[NrCpf] = @__nrCpf_0
2025-01-21 22:39:26.385 -03:00  INF  Executing BadRequestObjectResult, writing value of type 'System.Collections.Generic.List`1[[FluentResults.IError, FluentResults, Version=3.16.0.0, Culture=neutral, PublicKeyToken=null]]'.
2025-01-21 22:39:26.395 -03:00  INF  Executed action ApiTesteKognit.Controllers.UserController.CreateUser (ApiTesteKognit) in 1151.3503ms
2025-01-21 22:39:26.395 -03:00  INF  Executed endpoint 'ApiTesteKognit.Controllers.UserController.CreateUser (ApiTesteKognit)'
2025-01-21 22:39:26.404 -03:00  INF  Request finished HTTP/1.1 POST https://localhost:44339/api/User - 400 null application/json; charset=utf-8 1182.8025ms
2025-01-21 22:39:29.503 -03:00  INF  Request starting HTTP/1.1 POST https://localhost:44339/api/User - application/json 83
2025-01-21 22:39:29.503 -03:00  INF  Executing endpoint 'ApiTesteKognit.Controllers.UserController.CreateUser (ApiTesteKognit)'
2025-01-21 22:39:29.504 -03:00  INF  Route matched with {action = "CreateUser", controller = "User"}. Executing controller action with signature System.Threading.Tasks.Task`1[Microsoft.AspNetCore.Mvc.IActionResult] CreateUser(ViewModel.User.UserViewModel) on controller ApiTesteKognit.Controllers.UserController (ApiTesteKognit).
2025-01-21 22:39:29.546 -03:00  INF  Executed DbCommand (4ms) [Parameters=[@__nrCpf_0='?' (Size = 450)], CommandType='"Text"', CommandTimeout='30']
SELECT TOP(1) [u].[Id], [u].[Active], [u].[BirthDate], [u].[DateCreated], [u].[DateModified], [u].[Name], [u].[NrCpf]
FROM [Users] AS [u]
WHERE [u].[NrCpf] = @__nrCpf_0
2025-01-21 22:39:29.622 -03:00  INF  Executed DbCommand (4ms) [Parameters=[@p0='?' (DbType = Boolean), @p1='?' (DbType = DateTime2), @p2='?' (DbType = DateTime2), @p3='?' (DbType = DateTime2), @p4='?' (Size = 4000), @p5='?' (Size = 450)], CommandType='"Text"', CommandTimeout='30']
SET IMPLICIT_TRANSACTIONS OFF;
SET NOCOUNT ON;
INSERT INTO [Users] ([Active], [BirthDate], [DateCreated], [DateModified], [Name], [NrCpf])
OUTPUT INSERTED.[Id]
VALUES (@p0, @p1, @p2, @p3, @p4, @p5);
2025-01-21 22:39:29.645 -03:00  INF  Executing OkObjectResult, writing value of type 'ViewModel.User.UserViewModel'.
2025-01-21 22:39:29.647 -03:00  INF  Executed action ApiTesteKognit.Controllers.UserController.CreateUser (ApiTesteKognit) in 143.4343ms
2025-01-21 22:39:29.647 -03:00  INF  Executed endpoint 'ApiTesteKognit.Controllers.UserController.CreateUser (ApiTesteKognit)'
2025-01-21 22:39:29.648 -03:00  INF  Request finished HTTP/1.1 POST https://localhost:44339/api/User - 200 null application/json; charset=utf-8 145.1991ms
2025-01-21 22:39:33.697 -03:00  INF  Request starting HTTP/1.1 GET https://localhost:44339/api/User - application/json 82
2025-01-21 22:39:33.697 -03:00  INF  Executing endpoint 'ApiTesteKognit.Controllers.UserController.GetAllUsers (ApiTesteKognit)'
2025-01-21 22:39:33.702 -03:00  INF  Route matched with {action = "GetAllUsers", controller = "User"}. Executing controller action with signature System.Threading.Tasks.Task`1[Microsoft.AspNetCore.Mvc.IActionResult] GetAllUsers() on controller ApiTesteKognit.Controllers.UserController (ApiTesteKognit).
2025-01-21 22:39:33.731 -03:00  INF  Executed DbCommand (4ms) [Parameters=[], CommandType='"Text"', CommandTimeout='30']
SELECT [u].[Id], [u].[Active], [u].[BirthDate], [u].[DateCreated], [u].[DateModified], [u].[Name], [u].[NrCpf]
FROM [Users] AS [u]
2025-01-21 22:39:33.735 -03:00  INF  Executing OkObjectResult, writing value of type 'System.Collections.Generic.List`1[[ViewModel.User.UserViewModel, ViewModel, Version=1.0.0.0, Culture=neutral, PublicKeyToken=null]]'.
2025-01-21 22:39:33.736 -03:00  INF  Executed action ApiTesteKognit.Controllers.UserController.GetAllUsers (ApiTesteKognit) in 34.117ms
2025-01-21 22:39:33.737 -03:00  INF  Executed endpoint 'ApiTesteKognit.Controllers.UserController.GetAllUsers (ApiTesteKognit)'
2025-01-21 22:39:33.737 -03:00  INF  Request finished HTTP/1.1 GET https://localhost:44339/api/User - 200 null application/json; charset=utf-8 40.6653ms
2025-01-21 22:39:36.157 -03:00  INF  Request starting HTTP/1.1 POST https://localhost:44339/api/Wallet - application/json 64
2025-01-21 22:39:36.158 -03:00  INF  Executing endpoint 'ApiTesteKognit.Controllers.WalletController.CreateWallet (ApiTesteKognit)'
2025-01-21 22:39:36.164 -03:00  INF  Route matched with {action = "CreateWallet", controller = "Wallet"}. Executing controller action with signature System.Threading.Tasks.Task`1[Microsoft.AspNetCore.Mvc.IActionResult] CreateWallet(ViewModel.Wallet.WalletViewModel) on controller ApiTesteKognit.Controllers.WalletController (ApiTesteKognit).
2025-01-21 22:39:36.181 -03:00  INF  Executed DbCommand (4ms) [Parameters=[@__userId_0='?' (DbType = Int32)], CommandType='"Text"', CommandTimeout='30']
SELECT TOP(1) [u].[Id], [u].[Active], [u].[BirthDate], [u].[DateCreated], [u].[DateModified], [u].[Name], [u].[NrCpf]
FROM [Users] AS [u]
WHERE [u].[Id] = @__userId_0
2025-01-21 22:39:36.212 -03:00  INF  Executed DbCommand (8ms) [Parameters=[@p0='?' (DbType = Boolean), @p1='?' (Size = 4000), @p2='?' (Precision = 18) (Scale = 2) (DbType = Decimal), @p3='?' (DbType = DateTime2), @p4='?' (DbType = DateTime2), @p5='?' (DbType = Int32)], CommandType='"Text"', CommandTimeout='30']
SET IMPLICIT_TRANSACTIONS OFF;
SET NOCOUNT ON;
INSERT INTO [Wallets] ([Active], [Bank], [CurrentValue], [DateCreated], [DateModified], [UserId])
OUTPUT INSERTED.[Id]
VALUES (@p0, @p1, @p2, @p3, @p4, @p5);
2025-01-21 22:39:36.215 -03:00  INF  Carteira criada com sucesso.
2025-01-21 22:39:36.215 -03:00  INF  Executing OkObjectResult, writing value of type 'ViewModel.Wallet.WalletViewModel'.
2025-01-21 22:39:36.218 -03:00  INF  Executed action ApiTesteKognit.Controllers.WalletController.CreateWallet (ApiTesteKognit) in 53.6605ms
2025-01-21 22:39:36.218 -03:00  INF  Executed endpoint 'ApiTesteKognit.Controllers.WalletController.CreateWallet (ApiTesteKognit)'
2025-01-21 22:39:36.218 -03:00  INF  Request finished HTTP/1.1 POST https://localhost:44339/api/Wallet - 200 null application/json; charset=utf-8 61.0423ms
2025-01-21 22:39:38.646 -03:00  INF  Request starting HTTP/1.1 GET https://localhost:44339/api/Wallet/GetWalletsByCpfUser/207.782.911-99 - application/json 82
2025-01-21 22:39:38.647 -03:00  INF  Executing endpoint 'ApiTesteKognit.Controllers.WalletController.GetWalletsByCpfUserAsync (ApiTesteKognit)'
2025-01-21 22:39:38.651 -03:00  INF  Route matched with {action = "GetWalletsByCpfUser", controller = "Wallet"}. Executing controller action with signature System.Threading.Tasks.Task`1[Microsoft.AspNetCore.Mvc.IActionResult] GetWalletsByCpfUserAsync(System.String) on controller ApiTesteKognit.Controllers.WalletController (ApiTesteKognit).
2025-01-21 22:39:38.704 -03:00  INF  Executed DbCommand (5ms) [Parameters=[@__cpfUser_0='?' (Size = 450)], CommandType='"Text"', CommandTimeout='30']
SELECT [w].[Id], [w].[Active], [w].[Bank], [w].[CurrentValue], [w].[DateCreated], [w].[DateModified], [w].[UserId], [u].[Id], [u].[Active], [u].[BirthDate], [u].[DateCreated], [u].[DateModified], [u].[Name], [u].[NrCpf]
FROM [Wallets] AS [w]
INNER JOIN [Users] AS [u] ON [w].[UserId] = [u].[Id]
WHERE [u].[NrCpf] = @__cpfUser_0
2025-01-21 22:39:38.712 -03:00  INF  Executing OkObjectResult, writing value of type 'System.Collections.Generic.List`1[[ViewModel.Wallet.WalletsUserViewModel, ViewModel, Version=1.0.0.0, Culture=neutral, PublicKeyToken=null]]'.
2025-01-21 22:39:38.718 -03:00  INF  Executed action ApiTesteKognit.Controllers.WalletController.GetWalletsByCpfUserAsync (ApiTesteKognit) in 66.2333ms
2025-01-21 22:39:38.718 -03:00  INF  Executed endpoint 'ApiTesteKognit.Controllers.WalletController.GetWalletsByCpfUserAsync (ApiTesteKognit)'
2025-01-21 22:39:38.718 -03:00  INF  Request finished HTTP/1.1 GET https://localhost:44339/api/Wallet/GetWalletsByCpfUser/207.782.911-99 - 200 null application/json; charset=utf-8 72.2113ms
2025-01-21 22:39:42.299 -03:00  INF  Request starting HTTP/1.1 GET https://localhost:44339/api/Wallet - application/json 82
2025-01-21 22:39:42.300 -03:00  INF  Executing endpoint 'ApiTesteKognit.Controllers.WalletController.GetAllWallets (ApiTesteKognit)'
2025-01-21 22:39:42.302 -03:00  INF  Route matched with {action = "GetAllWallets", controller = "Wallet"}. Executing controller action with signature System.Threading.Tasks.Task`1[Microsoft.AspNetCore.Mvc.IActionResult] GetAllWallets() on controller ApiTesteKognit.Controllers.WalletController (ApiTesteKognit).
2025-01-21 22:39:42.312 -03:00  INF  Executed DbCommand (3ms) [Parameters=[], CommandType='"Text"', CommandTimeout='30']
SELECT [w].[Id], [w].[Active], [w].[Bank], [w].[CurrentValue], [w].[DateCreated], [w].[DateModified], [w].[UserId], [u].[Id], [u].[Active], [u].[BirthDate], [u].[DateCreated], [u].[DateModified], [u].[Name], [u].[NrCpf]
FROM [Wallets] AS [w]
INNER JOIN [Users] AS [u] ON [w].[UserId] = [u].[Id]
2025-01-21 22:39:42.313 -03:00  INF  Executing OkObjectResult, writing value of type 'System.Collections.Generic.List`1[[ViewModel.Wallet.WalletsUserViewModel, ViewModel, Version=1.0.0.0, Culture=neutral, PublicKeyToken=null]]'.
2025-01-21 22:39:42.314 -03:00  INF  Executed action ApiTesteKognit.Controllers.WalletController.GetAllWallets (ApiTesteKognit) in 12.0954ms
2025-01-21 22:39:42.314 -03:00  INF  Executed endpoint 'ApiTesteKognit.Controllers.WalletController.GetAllWallets (ApiTesteKognit)'
2025-01-21 22:39:42.314 -03:00  INF  Request finished HTTP/1.1 GET https://localhost:44339/api/Wallet - 200 null application/json; charset=utf-8 14.8765ms
